This is LuaHBTeX, Version 1.22.0 (MiKTeX 25.4) (format=lualatex 2025.11.12)  12 NOV 2025 14:52
 system commands enabled.
 file:line:error style messages enabled.
**c:/Users/jason/Desktop/thesis/paper/thesis
(c:/Users/jason/Desktop/thesis/paper/thesis.tex
LaTeX2e <2025-11-01>
L3 programming layer <2025-10-24>
Lua module: luaotfload 2024-12-03 v3.29 Lua based OpenType font support
Lua module: lualibs 2023-07-13 v2.76 ConTeXt Lua standard libraries.
Lua module: lualibs-extended 2023-07-13 v2.76 ConTeXt Lua libraries -- extended 
collection.
luaotfload | conf : Root cache directory is "C:/Users/jason/AppData/Local/MiKTeX
/luatex-cache/generic/names".
luaotfload | init : Loading fontloader "fontloader-2023-12-28.lua" from kpse-res
olved path "C:/Users/jason/AppData/Local/Programs/MiKTeX/tex/luatex/luaotfload/f
ontloader-2023-12-28.lua".
Lua-only attribute luaotfload@noligature = 1
luaotfload | init : Context OpenType loader version 3.134
Inserting `luaotfload.node_processor' in `pre_linebreak_filter'.
Inserting `luaotfload.node_processor' in `hpack_filter'.
Inserting `luaotfload.glyph_stream' in `glyph_stream_provider'.
Inserting `luaotfload.define_font' in `define_font'.
Lua-only attribute luaotfload_color_attribute = 2
luaotfload | conf : Root cache directory is "C:/Users/jason/AppData/Local/MiKTeX
/luatex-cache/generic/names".
Inserting `luaotfload.harf.strip_prefix' in `find_opentype_file'.
Inserting `luaotfload.harf.strip_prefix' in `find_truetype_file'.
Removing  `luaotfload.glyph_stream' from `glyph_stream_provider'.
Inserting `luaotfload.harf.glyphstream' in `glyph_stream_provider'.
Inserting `luaotfload.harf.finalize_vlist' in `post_linebreak_filter'.
Inserting `luaotfload.harf.finalize_hlist' in `hpack_filter'.
Inserting `luaotfload.cleanup_files' in `wrapup_run'.
Inserting `luaotfload.harf.finalize_unicode' in `finish_pdffile'.
Inserting `luaotfload.glyphinfo' in `glyph_info'.
Lua-only attribute luaotfload.letterspace_done = 3
Inserting `luaotfload.aux.set_sscale_dimens' in `luaotfload.patch_font'.
Inserting `luaotfload.aux.set_font_index' in `luaotfload.patch_font'.
Inserting `luaotfload.aux.patch_cambria_domh' in `luaotfload.patch_font'.
Inserting `luaotfload.aux.fixup_fontdata' in `luaotfload.patch_font_unsafe'.
Inserting `luaotfload.aux.set_capheight' in `luaotfload.patch_font'.
Inserting `luaotfload.aux.set_xheight' in `luaotfload.patch_font'.
Inserting `luaotfload.rewrite_fontname' in `luaotfload.patch_font'.
Inserting `tracingstacklevels' in `input_level_string'. (./preference.tex
(C:/Users/jason/AppData/Local/Programs/MiKTeX/tex/latex/base/book.cls
Document Class: book 2025/01/22 v1.4n Standard LaTeX document class
(C:/Users/jason/AppData/Local/Programs/MiKTeX/tex/latex/base/bk12.clo
File: bk12.clo 2025/01/22 v1.4n Standard LaTeX file (size option)
luaotfload | db : Font names database loaded from C:/Users/jason/AppData/Local/M
iKTeX/luatex-cache/generic/names/luaotfload-names.luc.gz)
\c@part=\count273
\c@chapter=\count274
\c@section=\count275
\c@subsection=\count276
\c@subsubsection=\count277
\c@paragraph=\count278
\c@subparagraph=\count279
\c@figure=\count280
\c@table=\count281
\abovecaptionskip=\skip49
\belowcaptionskip=\skip50
\bibindent=\dimen147
)
(C:/Users/jason/AppData/Local/Programs/MiKTeX/tex/latex/geometry/geometry.sty
Package: geometry 2020/01/02 v5.9 Page Geometry

(C:/Users/jason/AppData/Local/Programs/MiKTeX/tex/latex/graphics/keyval.sty
Package: keyval 2022/05/29 v1.15 key=value parser (DPC)
\KV@toks@=\toks17
)
(C:/Users/jason/AppData/Local/Programs/MiKTeX/tex/generic/iftex/ifvtex.sty
Package: ifvtex 2019/10/25 v1.7 ifvtex legacy package. Use iftex instead.

(C:/Users/jason/AppData/Local/Programs/MiKTeX/tex/generic/iftex/iftex.sty
Package: iftex 2024/12/12 v1.0g TeX engine tests
))
\Gm@cnth=\count282
\Gm@cntv=\count283
\c@Gm@tempcnt=\count284
\Gm@bindingoffset=\dimen148
\Gm@wd@mp=\dimen149
\Gm@odd@mp=\dimen150
\Gm@even@mp=\dimen151
\Gm@layoutwidth=\dimen152
\Gm@layoutheight=\dimen153
\Gm@layouthoffset=\dimen154
\Gm@layoutvoffset=\dimen155
\Gm@dimlist=\toks18

(C:/Users/jason/AppData/Local/Programs/MiKTeX/tex/latex/geometry/geometry.cfg)) (C:/Users/jason/AppData/Local/Programs/MiKTeX/tex/latex/base/fontenc.sty
Package: fontenc 2025/07/18 v2.1d Standard LaTeX package
LaTeX Font Info:    Trying to load font information for T1+lmr on input line 11
6.

(C:/Users/jason/AppData/Local/Programs/MiKTeX/tex/latex/lm/t1lmr.fd
File: t1lmr.fd 2015/05/01 v1.6.1 Font defs for Latin Modern
))
(C:/Users/jason/AppData/Local/Programs/MiKTeX/tex/latex/fontspec/fontspec.sty
(C:/Users/jason/AppData/Local/Programs/MiKTeX/tex/latex/l3packages/xparse/xpars
e.sty
(C:/Users/jason/AppData/Local/Programs/MiKTeX/tex/latex/l3kernel/expl3.sty
Package: expl3 2025-10-24 L3 programming layer (loader) 

(C:/Users/jason/AppData/Local/Programs/MiKTeX/tex/latex/l3backend/l3backend-lua
tex.def
File: l3backend-luatex.def 2025-10-09 L3 backend support: PDF output (LuaTeX)
\l__color_backend_stack_int=\count285
Inserting `l3color' in `luaotfload.parse_color'.))
Package: xparse 2025-10-09 L3 Experimental document command parser
)
Package: fontspec 2025/09/29 v2.9g Font selection for XeLaTeX and LuaLaTeX
Lua module: fontspec 2025/09/29 v2.9g Font selection for XeLaTeX and LuaLaTeX
(C:/Users/jason/AppData/Local/Programs/MiKTeX/tex/latex/fontspec/fontspec-luate
x.sty
Package: fontspec-luatex 2025/09/29 v2.9g Font selection for XeLaTeX and LuaLaT
eX
\l__fontspec_script_int=\count286
\l__fontspec_language_int=\count287
\l__fontspec_strnum_int=\count288
\l__fontspec_tmp_int=\count289
\l__fontspec_tmpa_int=\count290
\l__fontspec_tmpb_int=\count291
\l__fontspec_tmpc_int=\count292
\l__fontspec_em_int=\count293
\l__fontspec_emdef_int=\count294
\l__fontspec_strong_int=\count295
\l__fontspec_strongdef_int=\count296
\l__fontspec_tmpa_dim=\dimen156
\l__fontspec_tmpb_dim=\dimen157
\l__fontspec_tmpc_dim=\dimen158
 (C:/Users/jason/AppData/Local/Programs/MiKTeX/tex/latex/base/fontenc.sty
Package: fontenc 2025/07/18 v2.1d Standard LaTeX package
) (C:/Users/jason/AppData/Local/Programs/MiKTeX/tex/latex/fontspec/fontspec.cfg
)))
luaotfload | cache : Lookup cache loaded from C:/Users/jason/AppData/Local/MiKTe
X/luatex-cache/generic/names/luaotfload-lookup-cache.luc.

Package fontspec Info: 
(fontspec)             Font family 'TimesNewRoman(0)' created for font 'Times
(fontspec)             New Roman' with options [Ligatures=TeX].
(fontspec)              
(fontspec)              This font family consists of the following NFSS
(fontspec)             series/shapes:
(fontspec)              
(fontspec)             - 'normal' (m/n) with NFSS spec.: <->"name:Times New
(fontspec)             Roman:mode=node;script=latn;language=dflt;+tlig;"
(fontspec)             - 'small caps'  (m/sc) with NFSS spec.: <->"name:Times
(fontspec)             New
(fontspec)             Roman:mode=node;script=latn;language=dflt;+tlig;+smcp;"
(fontspec)             - 'bold' (b/n) with NFSS spec.: <->"name:Times New
(fontspec)             Roman/B:mode=node;script=latn;language=dflt;+tlig;"
(fontspec)             - 'bold small caps'  (b/sc) with NFSS spec.:
(fontspec)             <->"name:Times New
(fontspec)             Roman/B:mode=node;script=latn;language=dflt;+tlig;+smcp;
"
(fontspec)             - 'italic' (m/it) with NFSS spec.: <->"name:Times New
(fontspec)             Roman/I:mode=node;script=latn;language=dflt;+tlig;"
(fontspec)             - 'italic small caps'  (m/scit) with NFSS spec.:
(fontspec)             <->"name:Times New
(fontspec)             Roman/I:mode=node;script=latn;language=dflt;+tlig;+smcp;
"
(fontspec)             - 'bold italic' (b/it) with NFSS spec.: <->"name:Times
(fontspec)             New
(fontspec)             Roman/BI:mode=node;script=latn;language=dflt;+tlig;"
(fontspec)             - 'bold italic small caps'  (b/scit) with NFSS spec.:
(fontspec)             <->"name:Times New
(fontspec)             Roman/BI:mode=node;script=latn;language=dflt;+tlig;+smcp
;"


(C:/Users/jason/AppData/Local/Programs/MiKTeX/tex/latex/setspace/setspace.sty
Package: setspace 2022/12/04 v6.7b set line spacing
)
(C:/Users/jason/AppData/Local/Programs/MiKTeX/tex/latex/tools/indentfirst.sty
Package: indentfirst 2023/07/02 v1.03 Indent first paragraph (DPC)
)
(C:/Users/jason/AppData/Local/Programs/MiKTeX/tex/latex/graphics/graphicx.sty
Package: graphicx 2024/12/31 v1.2e Enhanced LaTeX Graphics (DPC,SPQR)

(C:/Users/jason/AppData/Local/Programs/MiKTeX/tex/latex/graphics/graphics.sty
Package: graphics 2024/08/06 v1.4g Standard LaTeX Graphics (DPC,SPQR)

(C:/Users/jason/AppData/Local/Programs/MiKTeX/tex/latex/graphics/trig.sty
Package: trig 2023/12/02 v1.11 sin cos tan (DPC)
)
(C:/Users/jason/AppData/Local/Programs/MiKTeX/tex/latex/graphics-cfg/graphics.c
fg
File: graphics.cfg 2016/06/04 v1.11 sample graphics configuration
)
Package graphics Info: Driver file: luatex.def on input line 106.

(C:/Users/jason/AppData/Local/Programs/MiKTeX/tex/latex/graphics-def/luatex.def
File: luatex.def 2025/09/29 v1.2f Graphics/color driver for luatex
))
\Gin@req@height=\dimen159
\Gin@req@width=\dimen160
) (C:/Users/jason/AppData/Local/Programs/MiKTeX/tex/latex/base/inputenc.sty
Package: inputenc 2024/02/08 v1.3d Input encoding file
\inpenc@prehook=\toks19
\inpenc@posthook=\toks20


Package inputenc Warning: inputenc package ignored with utf8 based engines.

) (C:/Users/jason/AppData/Local/Programs/MiKTeX/tex/latex/hyperref/hyperref.sty
Package: hyperref 2025-07-12 v7.01o Hypertext links for LaTeX

(C:/Users/jason/AppData/Local/Programs/MiKTeX/tex/latex/kvsetkeys/kvsetkeys.sty
Package: kvsetkeys 2022-10-05 v1.19 Key value parser (HO)
)
(C:/Users/jason/AppData/Local/Programs/MiKTeX/tex/generic/kvdefinekeys/kvdefine
keys.sty
Package: kvdefinekeys 2019-12-19 v1.6 Define keys (HO)
)
(C:/Users/jason/AppData/Local/Programs/MiKTeX/tex/generic/pdfescape/pdfescape.s
ty
Package: pdfescape 2019/12/09 v1.15 Implements pdfTeX's escape features (HO)

(C:/Users/jason/AppData/Local/Programs/MiKTeX/tex/generic/ltxcmds/ltxcmds.sty
Package: ltxcmds 2023-12-04 v1.26 LaTeX kernel commands for general use (HO)
)
(C:/Users/jason/AppData/Local/Programs/MiKTeX/tex/generic/pdftexcmds/pdftexcmds
.sty
Package: pdftexcmds 2020-06-27 v0.33 Utility functions of pdfTeX for LuaTeX (HO
)

(C:/Users/jason/AppData/Local/Programs/MiKTeX/tex/generic/infwarerr/infwarerr.s
ty
Package: infwarerr 2019/12/03 v1.5 Providing info/warning/error messages (HO)
)
Package pdftexcmds Info: \pdf@primitive is available.
Package pdftexcmds Info: \pdf@ifprimitive is available.
Package pdftexcmds Info: \pdfdraftmode found.
\pdftexcmds@toks=\toks21
))
(C:/Users/jason/AppData/Local/Programs/MiKTeX/tex/latex/hycolor/hycolor.sty
Package: hycolor 2020-01-27 v1.10 Color options for hyperref/bookmark (HO)
)
(C:/Users/jason/AppData/Local/Programs/MiKTeX/tex/latex/hyperref/nameref.sty
Package: nameref 2025-06-21 v2.57 Cross-referencing by name of section

(C:/Users/jason/AppData/Local/Programs/MiKTeX/tex/latex/refcount/refcount.sty
Package: refcount 2019/12/15 v3.6 Data extraction from label references (HO)
)
(C:/Users/jason/AppData/Local/Programs/MiKTeX/tex/generic/gettitlestring/gettit
lestring.sty
Package: gettitlestring 2019/12/15 v1.6 Cleanup title references (HO)

(C:/Users/jason/AppData/Local/Programs/MiKTeX/tex/latex/kvoptions/kvoptions.sty
Package: kvoptions 2022-06-15 v3.15 Key value format for package options (HO)
))
\c@section@level=\count297
)
(C:/Users/jason/AppData/Local/Programs/MiKTeX/tex/latex/etoolbox/etoolbox.sty
Package: etoolbox 2025/10/02 v2.5m e-TeX tools for LaTeX (JAW)
\etb@tempcnta=\count298
)
(C:/Users/jason/AppData/Local/Programs/MiKTeX/tex/generic/stringenc/stringenc.s
ty
Package: stringenc 2019/11/29 v1.12 Convert strings between diff. encodings (HO
)
)
\@linkdim=\dimen161
\Hy@linkcounter=\count299
\Hy@pagecounter=\count300
 (C:/Users/jason/AppData/Local/Programs/MiKTeX/tex/latex/hyperref/pd1enc.def
File: pd1enc.def 2025-07-12 v7.01o Hyperref: PDFDocEncoding definition (HO)
) (C:/Users/jason/AppData/Local/Programs/MiKTeX/tex/generic/intcalc/intcalc.sty
Package: intcalc 2019/12/15 v1.3 Expandable calculations with integers (HO)
)
\Hy@SavedSpaceFactor=\count301
 (C:/Users/jason/AppData/Local/Programs/MiKTeX/tex/latex/hyperref/puenc.def
File: puenc.def 2025-07-12 v7.01o Hyperref: PDF Unicode definition (HO)
)
Package hyperref Info: Option `bookmarksopen' set `true' on input line 4066.
Package hyperref Info: Hyper figures OFF on input line 4195.
Package hyperref Info: Link nesting OFF on input line 4200.
Package hyperref Info: Hyper index ON on input line 4203.
Package hyperref Info: Plain pages OFF on input line 4210.
Package hyperref Info: Backreferencing OFF on input line 4215.
Package hyperref Info: Implicit mode ON; LaTeX internals redefined.
Package hyperref Info: Bookmarks ON on input line 4462.
\c@Hy@tempcnt=\count302

(C:/Users/jason/AppData/Local/Programs/MiKTeX/tex/latex/url/url.sty
\Urlmuskip=\muskip17
Package: url 2013/09/16  ver 3.4  Verb mode for urls, etc.
)
LaTeX Info: Redefining \url on input line 4801.
\XeTeXLinkMargin=\dimen162

(C:/Users/jason/AppData/Local/Programs/MiKTeX/tex/generic/bitset/bitset.sty
Package: bitset 2019/12/09 v1.3 Handle bit-vector datatype (HO)

(C:/Users/jason/AppData/Local/Programs/MiKTeX/tex/generic/bigintcalc/bigintcalc
.sty
Package: bigintcalc 2019/12/15 v1.5 Expandable calculations on big integers (HO
)
))
\Fld@menulength=\count303
\Field@Width=\dimen163
\Fld@charsize=\dimen164
Package hyperref Info: Hyper figures OFF on input line 6078.
Package hyperref Info: Link nesting OFF on input line 6083.
Package hyperref Info: Hyper index ON on input line 6086.
Package hyperref Info: backreferencing OFF on input line 6093.
Package hyperref Info: Link coloring OFF on input line 6098.
Package hyperref Info: Link coloring with OCG OFF on input line 6103.
Package hyperref Info: PDF/A mode OFF on input line 6108.
\Hy@abspage=\count304
\c@Item=\count305
\c@Hfootnote=\count306
)
Package hyperref Info: Driver (autodetected): hluatex.

(C:/Users/jason/AppData/Local/Programs/MiKTeX/tex/latex/hyperref/hluatex.def
File: hluatex.def 2025-07-12 v7.01o Hyperref driver for luaTeX
\Fld@listcount=\count307
\c@bookmark@seq@number=\count308

(C:/Users/jason/AppData/Local/Programs/MiKTeX/tex/latex/rerunfilecheck/rerunfil
echeck.sty
Package: rerunfilecheck 2025-06-21 v1.11 Rerun checks for auxiliary files (HO)

(C:/Users/jason/AppData/Local/Programs/MiKTeX/tex/generic/uniquecounter/uniquec
ounter.sty
Package: uniquecounter 2019/12/15 v1.4 Provide unlimited unique counter (HO)
)
Package uniquecounter Info: New unique counter `rerunfilecheck' on input line 2
84.
)
\Hy@SectionHShift=\skip51
)
(C:/Users/jason/AppData/Local/Programs/MiKTeX/tex/latex/lipsum/lipsum.sty
(C:/Users/jason/AppData/Local/Programs/MiKTeX/tex/latex/l3packages/l3keys2e/l3k
eys2e.sty
Package: l3keys2e 2025-10-09 LaTeX2e option processing using LaTeX3 keys
)
Package: lipsum 2021-09-20 v2.7 150 paragraphs of Lorem Ipsum dummy text
\g__lipsum_par_int=\count309
\l__lipsum_a_int=\count310
\l__lipsum_b_int=\count311

(C:/Users/jason/AppData/Local/Programs/MiKTeX/tex/latex/lipsum/lipsum.ltd.tex))
(C:/Users/jason/AppData/Local/Programs/MiKTeX/tex/latex/todonotes/todonotes.sty
Package: todonotes 2024/01/05 v1.1.7 Todonotes source and documentation.
Package: todonotes 2024/01/05
(C:/Users/jason/AppData/Local/Programs/MiKTeX/tex/latex/base/ifthen.sty
Package: ifthen 2024/03/16 v1.1e Standard LaTeX ifthen package (DPC)
)
(C:/Users/jason/AppData/Local/Programs/MiKTeX/tex/latex/xkeyval/xkeyval.sty
Package: xkeyval 2022/06/16 v2.9 package option processing (HA)

(C:/Users/jason/AppData/Local/Programs/MiKTeX/tex/generic/xkeyval/xkeyval.tex
(C:/Users/jason/AppData/Local/Programs/MiKTeX/tex/generic/xkeyval/xkvutils.tex
\XKV@toks=\toks22
\XKV@tempa@toks=\toks23
)
\XKV@depth=\count312
File: xkeyval.tex 2014/12/03 v2.7a key=value parser (HA)
)) (C:/Users/jason/AppData/Local/Programs/MiKTeX/tex/latex/xcolor/xcolor.sty
Package: xcolor 2024/09/29 v3.02 LaTeX color extensions (UK)

(C:/Users/jason/AppData/Local/Programs/MiKTeX/tex/latex/graphics-cfg/color.cfg
File: color.cfg 2016/01/02 v1.6 sample color configuration
)
Package xcolor Info: Driver file: luatex.def on input line 274.
(C:/Users/jason/AppData/Local/Programs/MiKTeX/tex/latex/graphics/mathcolor.ltx)
Package xcolor Info: Model `cmy' substituted by `cmy0' on input line 1349.
Package xcolor Info: Model `hsb' substituted by `rgb' on input line 1353.
Package xcolor Info: Model `RGB' extended on input line 1365.
Package xcolor Info: Model `HTML' substituted by `rgb' on input line 1367.
Package xcolor Info: Model `Hsb' substituted by `hsb' on input line 1368.
Package xcolor Info: Model `tHsb' substituted by `hsb' on input line 1369.
Package xcolor Info: Model `HSB' substituted by `hsb' on input line 1370.
Package xcolor Info: Model `Gray' substituted by `gray' on input line 1371.
Package xcolor Info: Model `wave' substituted by `hsb' on input line 1372.
)
(C:/Users/jason/AppData/Local/Programs/MiKTeX/tex/latex/pgf/frontendlayer/tikz.
sty
(C:/Users/jason/AppData/Local/Programs/MiKTeX/tex/latex/pgf/basiclayer/pgf.sty
(C:/Users/jason/AppData/Local/Programs/MiKTeX/tex/latex/pgf/utilities/pgfrcs.st
y
(C:/Users/jason/AppData/Local/Programs/MiKTeX/tex/generic/pgf/utilities/pgfutil
-common.tex
\pgfutil@everybye=\toks24
\pgfutil@tempdima=\dimen165
\pgfutil@tempdimb=\dimen166
)
(C:/Users/jason/AppData/Local/Programs/MiKTeX/tex/generic/pgf/utilities/pgfutil
-latex.def
\pgfutil@abb=\box53
)
(C:/Users/jason/AppData/Local/Programs/MiKTeX/tex/generic/pgf/utilities/pgfrcs.
code.tex
(C:/Users/jason/AppData/Local/Programs/MiKTeX/tex/generic/pgf/pgf.revision.tex)
Package: pgfrcs 2025-08-29 v3.1.11a (3.1.11a)
))
Package: pgf 2025-08-29 v3.1.11a (3.1.11a)

(C:/Users/jason/AppData/Local/Programs/MiKTeX/tex/latex/pgf/basiclayer/pgfcore.
sty
(C:/Users/jason/AppData/Local/Programs/MiKTeX/tex/latex/pgf/systemlayer/pgfsys.
sty
(C:/Users/jason/AppData/Local/Programs/MiKTeX/tex/generic/pgf/systemlayer/pgfsy
s.code.tex
Package: pgfsys 2025-08-29 v3.1.11a (3.1.11a)

(C:/Users/jason/AppData/Local/Programs/MiKTeX/tex/generic/pgf/utilities/pgfkeys
.code.tex
\pgfkeys@pathtoks=\toks25
\pgfkeys@temptoks=\toks26

(C:/Users/jason/AppData/Local/Programs/MiKTeX/tex/generic/pgf/utilities/pgfkeys
libraryfiltered.code.tex
\pgfkeys@tmptoks=\toks27
))
\pgf@x=\dimen167
\pgf@y=\dimen168
\pgf@xa=\dimen169
\pgf@ya=\dimen170
\pgf@xb=\dimen171
\pgf@yb=\dimen172
\pgf@xc=\dimen173
\pgf@yc=\dimen174
\pgf@xd=\dimen175
\pgf@yd=\dimen176
\w@pgf@writea=\write3
\r@pgf@reada=\read2
\c@pgf@counta=\count313
\c@pgf@countb=\count314
\c@pgf@countc=\count315
\c@pgf@countd=\count316
\t@pgf@toka=\toks28
\t@pgf@tokb=\toks29
\t@pgf@tokc=\toks30
\pgf@sys@id@count=\count317

(C:/Users/jason/AppData/Local/Programs/MiKTeX/tex/generic/pgf/systemlayer/pgf.c
fg
File: pgf.cfg 2025-08-29 v3.1.11a (3.1.11a)
)
Driver file for pgf: pgfsys-luatex.def

(C:/Users/jason/AppData/Local/Programs/MiKTeX/tex/generic/pgf/systemlayer/pgfsy
s-luatex.def
File: pgfsys-luatex.def 2025-08-29 v3.1.11a (3.1.11a)

(C:/Users/jason/AppData/Local/Programs/MiKTeX/tex/generic/pgf/systemlayer/pgfsy
s-common-pdf.def
File: pgfsys-common-pdf.def 2025-08-29 v3.1.11a (3.1.11a)
)))
(C:/Users/jason/AppData/Local/Programs/MiKTeX/tex/generic/pgf/systemlayer/pgfsy
ssoftpath.code.tex
File: pgfsyssoftpath.code.tex 2025-08-29 v3.1.11a (3.1.11a)
\pgfsyssoftpath@smallbuffer@items=\count318
\pgfsyssoftpath@bigbuffer@items=\count319
)
(C:/Users/jason/AppData/Local/Programs/MiKTeX/tex/generic/pgf/systemlayer/pgfsy
sprotocol.code.tex
File: pgfsysprotocol.code.tex 2025-08-29 v3.1.11a (3.1.11a)
))
(C:/Users/jason/AppData/Local/Programs/MiKTeX/tex/generic/pgf/basiclayer/pgfcor
e.code.tex
Package: pgfcore 2025-08-29 v3.1.11a (3.1.11a)

(C:/Users/jason/AppData/Local/Programs/MiKTeX/tex/generic/pgf/math/pgfmath.code
.tex
(C:/Users/jason/AppData/Local/Programs/MiKTeX/tex/generic/pgf/math/pgfmathutil.
code.tex)
(C:/Users/jason/AppData/Local/Programs/MiKTeX/tex/generic/pgf/math/pgfmathparse
r.code.tex
\pgfmath@dimen=\dimen177
\pgfmath@count=\count320
\pgfmath@box=\box54
\pgfmath@toks=\toks31
\pgfmath@stack@operand=\toks32
\pgfmath@stack@operation=\toks33
)
(C:/Users/jason/AppData/Local/Programs/MiKTeX/tex/generic/pgf/math/pgfmathfunct
ions.code.tex)
(C:/Users/jason/AppData/Local/Programs/MiKTeX/tex/generic/pgf/math/pgfmathfunct
ions.basic.code.tex)
(C:/Users/jason/AppData/Local/Programs/MiKTeX/tex/generic/pgf/math/pgfmathfunct
ions.trigonometric.code.tex)
(C:/Users/jason/AppData/Local/Programs/MiKTeX/tex/generic/pgf/math/pgfmathfunct
ions.random.code.tex)
(C:/Users/jason/AppData/Local/Programs/MiKTeX/tex/generic/pgf/math/pgfmathfunct
ions.comparison.code.tex)
(C:/Users/jason/AppData/Local/Programs/MiKTeX/tex/generic/pgf/math/pgfmathfunct
ions.base.code.tex)
(C:/Users/jason/AppData/Local/Programs/MiKTeX/tex/generic/pgf/math/pgfmathfunct
ions.round.code.tex)
(C:/Users/jason/AppData/Local/Programs/MiKTeX/tex/generic/pgf/math/pgfmathfunct
ions.misc.code.tex)
(C:/Users/jason/AppData/Local/Programs/MiKTeX/tex/generic/pgf/math/pgfmathfunct
ions.integerarithmetics.code.tex)
(C:/Users/jason/AppData/Local/Programs/MiKTeX/tex/generic/pgf/math/pgfmathcalc.
code.tex)
(C:/Users/jason/AppData/Local/Programs/MiKTeX/tex/generic/pgf/math/pgfmathfloat
.code.tex
\c@pgfmathroundto@lastzeros=\count321
))
(C:/Users/jason/AppData/Local/Programs/MiKTeX/tex/generic/pgf/math/pgfint.code.
tex)
(C:/Users/jason/AppData/Local/Programs/MiKTeX/tex/generic/pgf/basiclayer/pgfcor
epoints.code.tex
File: pgfcorepoints.code.tex 2025-08-29 v3.1.11a (3.1.11a)
\pgf@picminx=\dimen178
\pgf@picmaxx=\dimen179
\pgf@picminy=\dimen180
\pgf@picmaxy=\dimen181
\pgf@pathminx=\dimen182
\pgf@pathmaxx=\dimen183
\pgf@pathminy=\dimen184
\pgf@pathmaxy=\dimen185
\pgf@xx=\dimen186
\pgf@xy=\dimen187
\pgf@yx=\dimen188
\pgf@yy=\dimen189
\pgf@zx=\dimen190
\pgf@zy=\dimen191
)
(C:/Users/jason/AppData/Local/Programs/MiKTeX/tex/generic/pgf/basiclayer/pgfcor
epathconstruct.code.tex
File: pgfcorepathconstruct.code.tex 2025-08-29 v3.1.11a (3.1.11a)
\pgf@path@lastx=\dimen192
\pgf@path@lasty=\dimen193
)
(C:/Users/jason/AppData/Local/Programs/MiKTeX/tex/generic/pgf/basiclayer/pgfcor
epathusage.code.tex
File: pgfcorepathusage.code.tex 2025-08-29 v3.1.11a (3.1.11a)
\pgf@shorten@end@additional=\dimen194
\pgf@shorten@start@additional=\dimen195
)
(C:/Users/jason/AppData/Local/Programs/MiKTeX/tex/generic/pgf/basiclayer/pgfcor
escopes.code.tex
File: pgfcorescopes.code.tex 2025-08-29 v3.1.11a (3.1.11a)
\pgfpic=\box55
\pgf@hbox=\box56
\pgf@layerbox@main=\box57
\pgf@picture@serial@count=\count322
)
(C:/Users/jason/AppData/Local/Programs/MiKTeX/tex/generic/pgf/basiclayer/pgfcor
egraphicstate.code.tex
File: pgfcoregraphicstate.code.tex 2025-08-29 v3.1.11a (3.1.11a)
\pgflinewidth=\dimen196
)
(C:/Users/jason/AppData/Local/Programs/MiKTeX/tex/generic/pgf/basiclayer/pgfcor
etransformations.code.tex
File: pgfcoretransformations.code.tex 2025-08-29 v3.1.11a (3.1.11a)
\pgf@pt@x=\dimen197
\pgf@pt@y=\dimen198
\pgf@pt@temp=\dimen199
)
(C:/Users/jason/AppData/Local/Programs/MiKTeX/tex/generic/pgf/basiclayer/pgfcor
equick.code.tex
File: pgfcorequick.code.tex 2025-08-29 v3.1.11a (3.1.11a)
)
(C:/Users/jason/AppData/Local/Programs/MiKTeX/tex/generic/pgf/basiclayer/pgfcor
eobjects.code.tex
File: pgfcoreobjects.code.tex 2025-08-29 v3.1.11a (3.1.11a)
)
(C:/Users/jason/AppData/Local/Programs/MiKTeX/tex/generic/pgf/basiclayer/pgfcor
epathprocessing.code.tex
File: pgfcorepathprocessing.code.tex 2025-08-29 v3.1.11a (3.1.11a)
)
(C:/Users/jason/AppData/Local/Programs/MiKTeX/tex/generic/pgf/basiclayer/pgfcor
earrows.code.tex
File: pgfcorearrows.code.tex 2025-08-29 v3.1.11a (3.1.11a)
\pgfarrowsep=\dimen256
)
(C:/Users/jason/AppData/Local/Programs/MiKTeX/tex/generic/pgf/basiclayer/pgfcor
eshade.code.tex
File: pgfcoreshade.code.tex 2025-08-29 v3.1.11a (3.1.11a)
\pgf@max=\dimen257
\pgf@sys@shading@range@num=\count323
\pgf@shadingcount=\count324
)
(C:/Users/jason/AppData/Local/Programs/MiKTeX/tex/generic/pgf/basiclayer/pgfcor
eimage.code.tex
File: pgfcoreimage.code.tex 2025-08-29 v3.1.11a (3.1.11a)
)
(C:/Users/jason/AppData/Local/Programs/MiKTeX/tex/generic/pgf/basiclayer/pgfcor
eexternal.code.tex
File: pgfcoreexternal.code.tex 2025-08-29 v3.1.11a (3.1.11a)
\pgfexternal@startupbox=\box58
)
(C:/Users/jason/AppData/Local/Programs/MiKTeX/tex/generic/pgf/basiclayer/pgfcor
elayers.code.tex
File: pgfcorelayers.code.tex 2025-08-29 v3.1.11a (3.1.11a)
)
(C:/Users/jason/AppData/Local/Programs/MiKTeX/tex/generic/pgf/basiclayer/pgfcor
etransparency.code.tex
File: pgfcoretransparency.code.tex 2025-08-29 v3.1.11a (3.1.11a)
)
(C:/Users/jason/AppData/Local/Programs/MiKTeX/tex/generic/pgf/basiclayer/pgfcor
epatterns.code.tex
File: pgfcorepatterns.code.tex 2025-08-29 v3.1.11a (3.1.11a)
)
(C:/Users/jason/AppData/Local/Programs/MiKTeX/tex/generic/pgf/basiclayer/pgfcor
erdf.code.tex
File: pgfcorerdf.code.tex 2025-08-29 v3.1.11a (3.1.11a)
)))
(C:/Users/jason/AppData/Local/Programs/MiKTeX/tex/generic/pgf/modules/pgfmodule
shapes.code.tex
File: pgfmoduleshapes.code.tex 2025-08-29 v3.1.11a (3.1.11a)
\pgfnodeparttextbox=\box59
)
(C:/Users/jason/AppData/Local/Programs/MiKTeX/tex/generic/pgf/modules/pgfmodule
plot.code.tex
File: pgfmoduleplot.code.tex 2025-08-29 v3.1.11a (3.1.11a)
)
(C:/Users/jason/AppData/Local/Programs/MiKTeX/tex/latex/pgf/compatibility/pgfco
mp-version-0-65.sty
Package: pgfcomp-version-0-65 2025-08-29 v3.1.11a (3.1.11a)
\pgf@nodesepstart=\dimen258
\pgf@nodesepend=\dimen259
)
(C:/Users/jason/AppData/Local/Programs/MiKTeX/tex/latex/pgf/compatibility/pgfco
mp-version-1-18.sty
Package: pgfcomp-version-1-18 2025-08-29 v3.1.11a (3.1.11a)
))
(C:/Users/jason/AppData/Local/Programs/MiKTeX/tex/latex/pgf/utilities/pgffor.st
y
(C:/Users/jason/AppData/Local/Programs/MiKTeX/tex/latex/pgf/utilities/pgfkeys.s
ty
(C:/Users/jason/AppData/Local/Programs/MiKTeX/tex/generic/pgf/utilities/pgfkeys
.code.tex))
(C:/Users/jason/AppData/Local/Programs/MiKTeX/tex/latex/pgf/math/pgfmath.sty
(C:/Users/jason/AppData/Local/Programs/MiKTeX/tex/generic/pgf/math/pgfmath.code
.tex))
(C:/Users/jason/AppData/Local/Programs/MiKTeX/tex/generic/pgf/utilities/pgffor.
code.tex
Package: pgffor 2025-08-29 v3.1.11a (3.1.11a)
\pgffor@iter=\dimen260
\pgffor@skip=\dimen261
\pgffor@stack=\toks34
\pgffor@toks=\toks35
))
(C:/Users/jason/AppData/Local/Programs/MiKTeX/tex/generic/pgf/frontendlayer/tik
z/tikz.code.tex
Package: tikz 2025-08-29 v3.1.11a (3.1.11a)

(C:/Users/jason/AppData/Local/Programs/MiKTeX/tex/generic/pgf/libraries/pgflibr
aryplothandlers.code.tex
File: pgflibraryplothandlers.code.tex 2025-08-29 v3.1.11a (3.1.11a)
\pgf@plot@mark@count=\count325
\pgfplotmarksize=\dimen262
)
\tikz@lastx=\dimen263
\tikz@lasty=\dimen264
\tikz@lastxsaved=\dimen265
\tikz@lastysaved=\dimen266
\tikz@lastmovetox=\dimen267
\tikz@lastmovetoy=\dimen268
\tikzleveldistance=\dimen269
\tikzsiblingdistance=\dimen270
\tikz@figbox=\box60
\tikz@figbox@bg=\box61
\tikz@tempbox=\box62
\tikz@tempbox@bg=\box63
\tikztreelevel=\count326
\tikznumberofchildren=\count327
\tikznumberofcurrentchild=\count328
\tikz@fig@count=\count329

(C:/Users/jason/AppData/Local/Programs/MiKTeX/tex/generic/pgf/modules/pgfmodule
matrix.code.tex
File: pgfmodulematrix.code.tex 2025-08-29 v3.1.11a (3.1.11a)
\pgfmatrixcurrentrow=\count330
\pgfmatrixcurrentcolumn=\count331
\pgf@matrix@numberofcolumns=\count332
)
\tikz@expandcount=\count333

(C:/Users/jason/AppData/Local/Programs/MiKTeX/tex/generic/pgf/frontendlayer/tik
z/libraries/tikzlibrarytopaths.code.tex
File: tikzlibrarytopaths.code.tex 2025-08-29 v3.1.11a (3.1.11a)
)))
(C:/Users/jason/AppData/Local/Programs/MiKTeX/tex/generic/pgf/frontendlayer/tik
z/libraries/tikzlibrarypositioning.code.tex
File: tikzlibrarypositioning.code.tex 2025-08-29 v3.1.11a (3.1.11a)
)
(C:/Users/jason/AppData/Local/Programs/MiKTeX/tex/latex/tools/calc.sty
Package: calc 2025/03/01 v4.3b Infix arithmetic (KKT,FJ)
\calc@Acount=\count334
\calc@Bcount=\count335
\calc@Adimen=\dimen271
\calc@Bdimen=\dimen272
\calc@Askip=\skip52
\calc@Bskip=\skip53
LaTeX Info: Redefining \setlength on input line 86.
LaTeX Info: Redefining \addtolength on input line 87.
\calc@Ccount=\count336
\calc@Cskip=\skip54
)
\c@@todonotes@numberoftodonotes=\count337
)
(C:/Users/jason/AppData/Local/Programs/MiKTeX/tex/latex/titlesec/titlesec.sty
Package: titlesec 2025/01/04 v2.17 Sectioning titles
\ttl@box=\box64
\beforetitleunit=\skip55
\aftertitleunit=\skip56
\ttl@plus=\dimen273
\ttl@minus=\dimen274
\ttl@toksa=\toks36
\titlewidth=\dimen275
\titlewidthlast=\dimen276
\titlewidthfirst=\dimen277
)
(C:/Users/jason/AppData/Local/Programs/MiKTeX/tex/latex/bookmark/bookmark.sty
Package: bookmark 2023-12-10 v1.31 PDF bookmarks (HO)

(C:/Users/jason/AppData/Local/Programs/MiKTeX/tex/latex/bookmark/bkm-pdftex.def
File: bkm-pdftex.def 2023-12-10 v1.31 bookmark driver for pdfTeX and luaTeX (HO
)
\BKM@id=\count338
))
(C:/Users/jason/AppData/Local/Programs/MiKTeX/tex/latex/enumitem/enumitem.sty
Package: enumitem 2025/02/06 v3.11 Customized lists
\labelindent=\skip57
\enit@outerparindent=\dimen278
\enit@toks=\toks37
\enit@inbox=\box65
\enit@count@id=\count339
\enitdp@description=\count340
)
(C:/Users/jason/AppData/Local/Programs/MiKTeX/tex/latex/multirow/multirow.sty
Package: multirow 2024/11/12 v2.9 Span multiple rows of a table
\multirow@colwidth=\skip58
\multirow@cntb=\count341
\multirow@dima=\skip59
\bigstrutjot=\dimen279
)
(C:/Users/jason/AppData/Local/Programs/MiKTeX/tex/latex/tocloft/tocloft.sty
Package: tocloft 2017/08/31 v2.3i parameterised ToC, etc., typesetting
Package tocloft Info: The document has chapter divisions on input line 51.
\cftparskip=\skip60
\cftbeforetoctitleskip=\skip61
\cftaftertoctitleskip=\skip62
\cftbeforepartskip=\skip63
\cftpartnumwidth=\skip64
\cftpartindent=\skip65
\cftbeforechapskip=\skip66
\cftchapindent=\skip67
\cftchapnumwidth=\skip68
\cftbeforesecskip=\skip69
\cftsecindent=\skip70
\cftsecnumwidth=\skip71
\cftbeforesubsecskip=\skip72
\cftsubsecindent=\skip73
\cftsubsecnumwidth=\skip74
\cftbeforesubsubsecskip=\skip75
\cftsubsubsecindent=\skip76
\cftsubsubsecnumwidth=\skip77
\cftbeforeparaskip=\skip78
\cftparaindent=\skip79
\cftparanumwidth=\skip80
\cftbeforesubparaskip=\skip81
\cftsubparaindent=\skip82
\cftsubparanumwidth=\skip83
\cftbeforeloftitleskip=\skip84
\cftafterloftitleskip=\skip85
\cftbeforefigskip=\skip86
\cftfigindent=\skip87
\cftfignumwidth=\skip88
\c@lofdepth=\count342
\c@lotdepth=\count343
\cftbeforelottitleskip=\skip89
\cftafterlottitleskip=\skip90
\cftbeforetabskip=\skip91
\cfttabindent=\skip92
\cfttabnumwidth=\skip93
)
(C:/Users/jason/AppData/Local/Programs/MiKTeX/tex/latex/float/float.sty
Package: float 2001/11/08 v1.3d Float enhancements (AL)
\c@float@type=\count344
\float@exts=\toks38
\float@box=\box66
\@float@everytoks=\toks39
\@floatcapt=\box67
)
(C:/Users/jason/AppData/Local/Programs/MiKTeX/tex/latex/biblatex/biblatex.sty
Package: biblatex 2025/07/10 v3.21 programmable bibliographies (PK/MW)

(C:/Users/jason/AppData/Local/Programs/MiKTeX/tex/latex/logreq/logreq.sty
Package: logreq 2010/08/04 v1.0 xml request logger
\lrq@indent=\count345

(C:/Users/jason/AppData/Local/Programs/MiKTeX/tex/latex/logreq/logreq.def
File: logreq.def 2010/08/04 v1.0 logreq spec v1.0
))
\c@tabx@nest=\count346
\c@listtotal=\count347
\c@listcount=\count348
\c@liststart=\count349
\c@liststop=\count350
\c@citecount=\count351
\c@citetotal=\count352
\c@multicitecount=\count353
\c@multicitetotal=\count354
\c@instcount=\count355
\c@maxnames=\count356
\c@minnames=\count357
\c@maxitems=\count358
\c@minitems=\count359
\c@citecounter=\count360
\c@maxcitecounter=\count361
\c@savedcitecounter=\count362
\c@uniquelist=\count363
\c@uniquename=\count364
\c@refsection=\count365
\c@refsegment=\count366
\c@maxextratitle=\count367
\c@maxextratitleyear=\count368
\c@maxextraname=\count369
\c@maxextradate=\count370
\c@maxextraalpha=\count371
\c@abbrvpenalty=\count372
\c@highnamepenalty=\count373
\c@lownamepenalty=\count374
\c@maxparens=\count375
\c@parenlevel=\count376
\blx@tempcnta=\count377
\blx@tempcntb=\count378
\blx@tempcntc=\count379
\c@blx@maxsection=\count380
\blx@maxsegment@0=\count381
\blx@notetype=\count382
\blx@parenlevel@text=\count383
\blx@parenlevel@foot=\count384
\blx@sectionciteorder@0=\count385
\blx@sectionciteorderinternal@0=\count386
\blx@entrysetcounter=\count387
\blx@biblioinstance=\count388
\labelnumberwidth=\skip94
\labelalphawidth=\skip95
\biblabelsep=\skip96
\bibitemsep=\skip97
\bibnamesep=\skip98
\bibinitsep=\skip99
\bibparsep=\skip100
\bibhang=\skip101
\blx@bcfin=\read3
\blx@bcfout=\write4
\blx@langwohyphens=\language2
\c@mincomprange=\count389
\c@maxcomprange=\count390
\c@mincompwidth=\count391
Package biblatex Info: Trying to load biblatex default data model...
Package biblatex Info: ... file 'blx-dm.def' found.

(C:/Users/jason/AppData/Local/Programs/MiKTeX/tex/latex/biblatex/blx-dm.def
File: blx-dm.def 2025/07/10 v3.21 biblatex datamodel (PK/MW)
)
Package biblatex Info: Trying to load biblatex style data model...
Package biblatex Info: ... file 'apa.dbx' found.

(C:/Users/jason/AppData/Local/Programs/MiKTeX/tex/latex/biblatex-apa/apa.dbx
File: apa.dbx 2025/08/27 v9.20 APA biblatex style data model
)
Package biblatex Info: Trying to load biblatex custom data model...
Package biblatex Info: ... file 'biblatex-dm.cfg' not found.
\c@afterword=\count392
\c@savedafterword=\count393
\c@annotator=\count394
\c@savedannotator=\count395
\c@author=\count396
\c@savedauthor=\count397
\c@bookauthor=\count398
\c@savedbookauthor=\count399
\c@commentator=\count400
\c@savedcommentator=\count401
\c@editor=\count402
\c@savededitor=\count403
\c@editora=\count404
\c@savededitora=\count405
\c@editorb=\count406
\c@savededitorb=\count407
\c@editorc=\count408
\c@savededitorc=\count409
\c@foreword=\count410
\c@savedforeword=\count411
\c@holder=\count412
\c@savedholder=\count413
\c@introduction=\count414
\c@savedintroduction=\count415
\c@namea=\count416
\c@savednamea=\count417
\c@nameb=\count418
\c@savednameb=\count419
\c@namec=\count420
\c@savednamec=\count421
\c@translator=\count422
\c@savedtranslator=\count423
\c@shortauthor=\count424
\c@savedshortauthor=\count425
\c@shorteditor=\count426
\c@savedshorteditor=\count427
\c@narrator=\count428
\c@savednarrator=\count429
\c@execproducer=\count430
\c@savedexecproducer=\count431
\c@execdirector=\count432
\c@savedexecdirector=\count433
\c@with=\count434
\c@savedwith=\count435
\c@labelname=\count436
\c@savedlabelname=\count437
\c@institution=\count438
\c@savedinstitution=\count439
\c@lista=\count440
\c@savedlista=\count441
\c@listb=\count442
\c@savedlistb=\count443
\c@listc=\count444
\c@savedlistc=\count445
\c@listd=\count446
\c@savedlistd=\count447
\c@liste=\count448
\c@savedliste=\count449
\c@listf=\count450
\c@savedlistf=\count451
\c@location=\count452
\c@savedlocation=\count453
\c@organization=\count454
\c@savedorganization=\count455
\c@origlocation=\count456
\c@savedoriglocation=\count457
\c@origpublisher=\count458
\c@savedorigpublisher=\count459
\c@publisher=\count460
\c@savedpublisher=\count461
\c@language=\count462
\c@savedlanguage=\count463
\c@origlanguage=\count464
\c@savedoriglanguage=\count465
\c@citation=\count466
\c@savedcitation=\count467
\c@pageref=\count468
\c@savedpageref=\count469
\shorthandwidth=\skip102
\shortjournalwidth=\skip103
\shortserieswidth=\skip104
\shorttitlewidth=\skip105
\shortauthorwidth=\skip106
\shorteditorwidth=\skip107
\locallabelnumberwidth=\skip108
\locallabelalphawidth=\skip109
\localshorthandwidth=\skip110
\localshortjournalwidth=\skip111
\localshortserieswidth=\skip112
\localshorttitlewidth=\skip113
\localshortauthorwidth=\skip114
\localshorteditorwidth=\skip115
Package biblatex Info: Trying to load enhanced support for Unicode engines...
Package biblatex Info: ... file 'blx-unicode.def' found.

(C:/Users/jason/AppData/Local/Programs/MiKTeX/tex/latex/biblatex/blx-unicode.de
f)
Package biblatex Info: Trying to load compatibility code...
Package biblatex Info: ... file 'blx-compat.def' found.

(C:/Users/jason/AppData/Local/Programs/MiKTeX/tex/latex/biblatex/blx-compat.def
File: blx-compat.def 2025/07/10 v3.21 biblatex compatibility (PK/MW)
)
Package biblatex Info: Trying to load generic definitions...
Package biblatex Info: ... file 'biblatex.def' found.
 (C:/Users/jason/AppData/Local/Programs/MiKTeX/tex/latex/biblatex/biblatex.def
File: biblatex.def 2025/07/10 v3.21 biblatex compatibility (PK/MW)
\c@textcitecount=\count470
\c@textcitetotal=\count471
\c@textcitemaxnames=\count472
\c@biburlbigbreakpenalty=\count473
\c@biburlbreakpenalty=\count474
\c@biburlnumpenalty=\count475
\c@biburlucpenalty=\count476
\c@biburllcpenalty=\count477
\biburlbigskip=\muskip18
\biburlnumskip=\muskip19
\biburlucskip=\muskip20
\biburllcskip=\muskip21
\c@smartand=\count478
)
Package biblatex Info: Trying to load bibliography style 'apa'...
Package biblatex Info: ... file 'apa.bbx' found.
 (C:/Users/jason/AppData/Local/Programs/MiKTeX/tex/latex/biblatex-apa/apa.bbx
File: apa.bbx 2025/08/27 v9.20 APA biblatex references style
Package biblatex Info: Trying to load bibliography style 'standard'...
Package biblatex Info: ... file 'standard.bbx' found.

(C:/Users/jason/AppData/Local/Programs/MiKTeX/tex/latex/biblatex/bbx/standard.b
bx
File: standard.bbx 2025/07/10 v3.21 biblatex bibliography style (PK/MW)
\c@bbx:relatedcount=\count479
\c@bbx:relatedtotal=\count480
)
Package biblatex Info: Delimiter 'nameyeardelim' in context 'bib' already defin
ed, overwriting.
Package biblatex Info: Delimiter 'nameyeardelim' in context 'biblist' already d
efined, overwriting.
Package biblatex Info: Delimiter 'nonameyeardelim' in context 'bib' already def
ined, overwriting.
Package biblatex Info: Delimiter 'nonameyeardelim' in context 'biblist' already
 defined, overwriting.
)
Package biblatex Info: Trying to load citation style 'apa'...
Package biblatex Info: ... file 'apa.cbx' found.

(C:/Users/jason/AppData/Local/Programs/MiKTeX/tex/latex/biblatex-apa/apa.cbx
File: apa.cbx 2025/08/27 v9.20 APA biblatex citation style
Package biblatex Info: Delimiter 'nameyeardelim' in context '' already defined,
 overwriting.
Package biblatex Info: Delimiter 'andothersdelim' in context '' already defined
, overwriting.
Package biblatex Info: Redefining '\fullcite'.
Package biblatex Info: Redefining '\citeauthor'.
Package biblatex Info: Redefining '\citeyear'.
Package biblatex Info: Redefining '\cite'.
Package biblatex Info: Redefining '\cites'.
Package biblatex Info: Redefining '\parencite'.
Package biblatex Info: Redefining '\parencites'.
Package biblatex Info: Redefining '\footcite'.
Package biblatex Info: Redefining '\footcites'.
Package biblatex Info: Redefining '\footcitetext'.
Package biblatex Info: Redefining '\footcitetexts'.
Package biblatex Info: Redefining '\smartcite'.
Package biblatex Info: Redefining '\smartcites'.
Package biblatex Info: Redefining '\textcite'.
Package biblatex Info: Redefining '\textcites'.
Lua function BLTXAPAifInParensTF = 32)
Package biblatex Info: Trying to load configuration file...
Package biblatex Info: ... file 'biblatex.cfg' found.

(C:/Users/jason/AppData/Local/Programs/MiKTeX/tex/latex/biblatex/biblatex.cfg
File: biblatex.cfg 
)
Package biblatex Info: LuaTeX detected.
(biblatex)             Assuming input encoding 'utf8'.
Package biblatex Info: Document encoding is UTF8 ....
Package biblatex Info: ... and expl3
(biblatex)             2025-10-24 L3 programming layer (loader) 
(biblatex)             is new enough (at least 2020/04/06),
(biblatex)             setting 'casechanger=expl3'.

(C:/Users/jason/AppData/Local/Programs/MiKTeX/tex/latex/biblatex/blx-case-expl3
.sty
Package: blx-case-expl3 2025/07/10 v3.21 expl3 case changing code for biblatex
))
(C:/Users/jason/AppData/Local/Programs/MiKTeX/tex/latex/xcolor/svgnam.def
File: svgnam.def 2024/09/29 v3.02 Predefined colors according to SVG 1.1 (UK)
)
(C:/Users/jason/AppData/Local/Programs/MiKTeX/tex/latex/circuitikz/circuitikz.s
ty
Package: circuitikz 2025/07/08{} The CircuiTikz circuit drawing package version
 1.8.2

(C:/Users/jason/AppData/Local/Programs/MiKTeX/tex/generic/pgf/frontendlayer/tik
z/libraries/tikzlibrarycalc.code.tex
File: tikzlibrarycalc.code.tex 2025-08-29 v3.1.11a (3.1.11a)
)
(C:/Users/jason/AppData/Local/Programs/MiKTeX/tex/generic/pgf/libraries/pgflibr
aryarrows.meta.code.tex
File: pgflibraryarrows.meta.code.tex 2025-08-29 v3.1.11a (3.1.11a)
\pgfarrowinset=\dimen280
\pgfarrowlength=\dimen281
\pgfarrowwidth=\dimen282
\pgfarrowlinewidth=\dimen283
)
(C:/Users/jason/AppData/Local/Programs/MiKTeX/tex/generic/pgf/frontendlayer/tik
z/libraries/tikzlibrarybending.code.tex
File: tikzlibrarybending.code.tex 2025-08-29 v3.1.11a (3.1.11a)

(C:/Users/jason/AppData/Local/Programs/MiKTeX/tex/generic/pgf/modules/pgfmodule
bending.code.tex
File: pgfmodulebending.code.tex 2025-08-29 v3.1.11a (3.1.11a)

(C:/Users/jason/AppData/Local/Programs/MiKTeX/tex/generic/pgf/modules/pgfmodule
nonlineartransformations.code.tex
File: pgfmodulenonlineartransformations.code.tex 2025-08-29 v3.1.11a (3.1.11a)
\pgftransformnonlinearflatness=\dimen284
)
(C:/Users/jason/AppData/Local/Programs/MiKTeX/tex/generic/pgf/libraries/pgflibr
arycurvilinear.code.tex
File: pgflibrarycurvilinear.code.tex 2025-08-29 v3.1.11a (3.1.11a)
\pgf@curvilinear@time@a=\dimen285
\pgf@curvilinear@length@a=\dimen286
\pgf@curvilinear@length@b=\dimen287
\pgf@curvilinear@length@c=\dimen288
\pgf@curvilinear@length@d=\dimen289
)
\pgf@arrows@the@rigidity=\dimen290
))
(C:/Users/jason/AppData/Local/Programs/MiKTeX/tex/generic/pgf/frontendlayer/tik
z/libraries/tikzlibraryfpu.code.tex
(C:/Users/jason/AppData/Local/Programs/MiKTeX/tex/generic/pgf/libraries/pgflibr
aryfpu.code.tex))
(C:/Users/jason/AppData/Local/Programs/MiKTeX/tex/generic/circuitikz/pgfcirc.de
fines.tex
\pgf@circ@count@a=\count481
\pgf@circ@count@b=\count482
\pgf@circ@count@c=\count483
\pgf@circ@res@up=\dimen291
\pgf@circ@res@down=\dimen292
\pgf@circ@res@zero=\dimen293
\pgf@circ@res@left=\dimen294
\pgf@circ@res@right=\dimen295
\pgf@circ@res@other=\dimen296
\pgf@circ@res@step=\dimen297
\pgf@circ@res@temp=\dimen298
\pgf@circ@Rlen=\dimen299
\pgf@circ@scaled@Rlen=\dimen300
\pgfstartlinewidth=\dimen301
)
(C:/Users/jason/AppData/Local/Programs/MiKTeX/tex/generic/circuitikz/pgfcircuti
ls.tex
\ctikz@scratchbox=\box68
)
(C:/Users/jason/AppData/Local/Programs/MiKTeX/tex/generic/circuitikz/pgfcircpat
h.tex)
(C:/Users/jason/AppData/Local/Programs/MiKTeX/tex/generic/circuitikz/pgfcircsha
pes.tex)
(C:/Users/jason/AppData/Local/Programs/MiKTeX/tex/generic/circuitikz/pgfcircmon
opoles.tex)
(C:/Users/jason/AppData/Local/Programs/MiKTeX/tex/generic/circuitikz/pgfcircbip
oles.tex)
(C:/Users/jason/AppData/Local/Programs/MiKTeX/tex/generic/circuitikz/pgfcirctri
poles.tex
\pgf@circ@res@count=\count484
)
(C:/Users/jason/AppData/Local/Programs/MiKTeX/tex/generic/circuitikz/pgfcircqua
dpoles.tex)
(C:/Users/jason/AppData/Local/Programs/MiKTeX/tex/generic/circuitikz/pgfcircmul
tipoles.tex)
(C:/Users/jason/AppData/Local/Programs/MiKTeX/tex/generic/circuitikz/pgfcirclab
el.tex)
(C:/Users/jason/AppData/Local/Programs/MiKTeX/tex/generic/circuitikz/pgfcircvol
tage.tex
\pgfcirc@labelshift=\dimen302
)
(C:/Users/jason/AppData/Local/Programs/MiKTeX/tex/generic/circuitikz/pgfcirccur
rent.tex)
(C:/Users/jason/AppData/Local/Programs/MiKTeX/tex/generic/circuitikz/pgfcircflo
w.tex))
(C:/Users/jason/AppData/Local/Programs/MiKTeX/tex/latex/gensymb/gensymb.sty
Package: gensymb 2022/10/17 v1.0.2 (KJH)
)
(C:/Users/jason/AppData/Local/Programs/MiKTeX/tex/generic/pgf/frontendlayer/tik
z/libraries/tikzlibrarysvg.path.code.tex
File: tikzlibrarysvg.path.code.tex 2025-08-29 v3.1.11a (3.1.11a)

(C:/Users/jason/AppData/Local/Programs/MiKTeX/tex/generic/pgf/libraries/pgflibr
arysvg.path.code.tex
File: pgflibrarysvg.path.code.tex 2025-08-29 v3.1.11a (3.1.11a)

(C:/Users/jason/AppData/Local/Programs/MiKTeX/tex/generic/pgf/modules/pgfmodule
parser.code.tex
File: pgfmoduleparser.code.tex 2025-08-29 v3.1.11a (3.1.11a)
\pgfparserdef@arg@count=\count485
)
\pgf@lib@svg@last@x=\dimen303
\pgf@lib@svg@last@y=\dimen304
\pgf@lib@svg@last@c@x=\dimen305
\pgf@lib@svg@last@c@y=\dimen306
\pgf@lib@svg@count=\count486
\pgf@lib@svg@max@num=\count487
))
(C:/Users/jason/AppData/Local/Programs/MiKTeX/tex/latex/fancyvrb/fancyvrb.sty
Package: fancyvrb 2025/07/28 4.6 verbatim text (tvz,hv)
\FV@CodeLineNo=\count488
\FV@InFile=\read4
\FV@TabBox=\box69
\c@FancyVerbLine=\count489
\FV@StepNumber=\count490
\FV@OutFile=\write5
)
(C:/Users/jason/AppData/Local/Programs/MiKTeX/tex/latex/svg/svg.sty
Package: svg 2020/11/26 v2.02k (include SVG pictures)

(C:/Users/jason/AppData/Local/Programs/MiKTeX/tex/latex/koma-script/scrbase.sty
Package: scrbase 2025/09/09 v3.48 KOMA-Script package (KOMA-Script-independent 
basics and keyval usage)

(C:/Users/jason/AppData/Local/Programs/MiKTeX/tex/latex/koma-script/scrlfile.st
y
Package: scrlfile 2025/09/09 v3.48 KOMA-Script package (file load hooks)

(C:/Users/jason/AppData/Local/Programs/MiKTeX/tex/latex/koma-script/scrlfile-ho
ok.sty
Package: scrlfile-hook 2025/09/09 v3.48 KOMA-Script package (using LaTeX hooks)


(C:/Users/jason/AppData/Local/Programs/MiKTeX/tex/latex/koma-script/scrlogo.sty
Package: scrlogo 2025/09/09 v3.48 KOMA-Script package (logo)
)))
Applying: [2021/05/01] Usage of raw or classic option list on input line 254.
Already applied: [0000/00/00] Usage of raw or classic option list on input line
 370.
)
(C:/Users/jason/AppData/Local/Programs/MiKTeX/tex/latex/trimspaces/trimspaces.s
ty
Package: trimspaces 2009/09/17 v1.1 Trim spaces around a token list
) (C:/Users/jason/AppData/Local/Programs/MiKTeX/tex/latex/tools/shellesc.sty
Package: shellesc 2023/07/08 v1.0d unified shell escape interface for LaTeX
Package shellesc Info: Unrestricted shell escape enabled on input line 75.
)
(C:/Users/jason/AppData/Local/Programs/MiKTeX/tex/latex/ifplatform/ifplatform.s
ty
Package: ifplatform 2017/10/13 v0.4a Testing for the operating system

(C:/Users/jason/AppData/Local/Programs/MiKTeX/tex/generic/catchfile/catchfile.s
ty
Package: catchfile 2019/12/09 v1.8 Catch the contents of a file (HO)

(C:/Users/jason/AppData/Local/Programs/MiKTeX/tex/generic/etexcmds/etexcmds.sty
Package: etexcmds 2019/12/15 v1.7 Avoid name clashes with e-TeX commands (HO)
)) (C:/Users/jason/AppData/Local/Programs/MiKTeX/tex/generic/iftex/ifluatex.sty
Package: ifluatex 2019/10/25 v1.5 ifluatex legacy package. Use iftex instead.
))
\c@svg@param@lastpage=\count491
\svg@box=\box70
\c@svg@param@currpage=\count492
)
(C:/Users/jason/AppData/Local/Programs/MiKTeX/tex/latex/transparent/transparent
.sty
Package: transparent 2025-06-23 v1.6 Transparency with color stacks

(C:/Users/jason/AppData/Local/Programs/MiKTeX/tex/latex/transparent/transparent
-nometadata.sty
Package: transparent-nometadata 2025-06-23 v1.6 Transparency via pdfTeX's color
 stack (HO)

(C:/Users/jason/AppData/Local/Programs/MiKTeX/tex/latex/auxhook/auxhook.sty
Package: auxhook 2019-12-17 v1.6 Hooks for auxiliary files (HO)
)))
\c@plantumlctr=\count493

(C:/Users/jason/AppData/Local/Programs/MiKTeX/tex/latex/fancyhdr/fancyhdr.sty
Package: fancyhdr 2025/02/07 v5.2 Extensive control of page headers and footers

\f@nch@headwidth=\skip116
\f@nch@offset@elh=\skip117
\f@nch@offset@erh=\skip118
\f@nch@offset@olh=\skip119
\f@nch@offset@orh=\skip120
\f@nch@offset@elf=\skip121
\f@nch@offset@erf=\skip122
\f@nch@offset@olf=\skip123
\f@nch@offset@orf=\skip124
\f@nch@height=\skip125
\f@nch@footalignment=\skip126
\f@nch@widthL=\skip127
\f@nch@widthC=\skip128
\f@nch@widthR=\skip129
\@temptokenb=\toks40
))
\@quotelevel=\count494
\@quotereset=\count495
(./thesis.aux)
\openout1 = thesis.aux

LaTeX Font Info:    Checking defaults for OML/cmm/m/it on input line 18.
LaTeX Font Info:    ... okay on input line 18.
LaTeX Font Info:    Checking defaults for OMS/cmsy/m/n on input line 18.
LaTeX Font Info:    ... okay on input line 18.
LaTeX Font Info:    Checking defaults for OT1/cmr/m/n on input line 18.
LaTeX Font Info:    ... okay on input line 18.
LaTeX Font Info:    Checking defaults for T1/cmr/m/n on input line 18.
LaTeX Font Info:    ... okay on input line 18.
LaTeX Font Info:    Checking defaults for TS1/cmr/m/n on input line 18.
LaTeX Font Info:    ... okay on input line 18.
LaTeX Font Info:    Checking defaults for TU/lmr/m/n on input line 18.
LaTeX Font Info:    ... okay on input line 18.
LaTeX Font Info:    Checking defaults for OMX/cmex/m/n on input line 18.
LaTeX Font Info:    ... okay on input line 18.
LaTeX Font Info:    Checking defaults for U/cmr/m/n on input line 18.
LaTeX Font Info:    ... okay on input line 18.
LaTeX Font Info:    Checking defaults for PD1/pdf/m/n on input line 18.
LaTeX Font Info:    ... okay on input line 18.
LaTeX Font Info:    Checking defaults for PU/pdf/m/n on input line 18.
LaTeX Font Info:    ... okay on input line 18.

*geometry* driver: auto-detecting
*geometry* detected driver: luatex
*geometry* verbose mode - [ preamble ] result:
* driver: luatex
* paper: a4paper
* layout: <same size as paper>
* layoutoffset:(h,v)=(0.0pt,0.0pt)
* modes: includefoot 
* h-part:(L,W,R)=(108.40492pt, 416.83315pt, 72.2698pt)
* v-part:(T,H,B)=(72.2698pt, 700.50723pt, 72.2698pt)
* \paperwidth=597.50787pt
* \paperheight=845.04684pt
* \textwidth=416.83315pt
* \textheight=670.50723pt
* \oddsidemargin=36.13493pt
* \evensidemargin=36.13493pt
* \topmargin=-31.87398pt
* \headheight=85.35826pt
* \headsep=19.8738pt
* \topskip=12.0pt
* \footskip=2.0pt
* \marginparwidth=38.0pt
* \marginparsep=7.0pt
* \columnsep=10.0pt
* \skip\footins=10.8pt plus 4.0pt minus 2.0pt
* \hoffset=0.0pt
* \voffset=0.0pt
* \mag=1000
* \@twocolumnfalse
* \@twosidefalse
* \@mparswitchfalse
* \@reversemarginfalse
* (1in=72.27pt=25.4mm, 1cm=28.453pt)


Package fontspec Info: 
(fontspec)             Adjusting the maths setup (use [no-math] to avoid
(fontspec)             this).

\symlegacymaths=\mathgroup4
LaTeX Font Info:    Overwriting symbol font `legacymaths' in version `bold'
(Font)                  OT1/cmr/m/n --> OT1/cmr/bx/n on input line 18.
LaTeX Font Info:    Redeclaring math accent \acute on input line 18.
LaTeX Font Info:    Redeclaring math accent \grave on input line 18.
LaTeX Font Info:    Redeclaring math accent \ddot on input line 18.
LaTeX Font Info:    Redeclaring math accent \tilde on input line 18.
LaTeX Font Info:    Redeclaring math accent \bar on input line 18.
LaTeX Font Info:    Redeclaring math accent \breve on input line 18.
LaTeX Font Info:    Redeclaring math accent \check on input line 18.
LaTeX Font Info:    Redeclaring math accent \hat on input line 18.
LaTeX Font Info:    Redeclaring math accent \dot on input line 18.
LaTeX Font Info:    Redeclaring math accent \mathring on input line 18.
LaTeX Font Info:    Redeclaring math symbol \colon on input line 18.
LaTeX Font Info:    Redeclaring math symbol \Gamma on input line 18.
LaTeX Font Info:    Redeclaring math symbol \Delta on input line 18.
LaTeX Font Info:    Redeclaring math symbol \Theta on input line 18.
LaTeX Font Info:    Redeclaring math symbol \Lambda on input line 18.
LaTeX Font Info:    Redeclaring math symbol \Xi on input line 18.
LaTeX Font Info:    Redeclaring math symbol \Pi on input line 18.
LaTeX Font Info:    Redeclaring math symbol \Sigma on input line 18.
LaTeX Font Info:    Redeclaring math symbol \Upsilon on input line 18.
LaTeX Font Info:    Redeclaring math symbol \Phi on input line 18.
LaTeX Font Info:    Redeclaring math symbol \Psi on input line 18.
LaTeX Font Info:    Redeclaring math symbol \Omega on input line 18.
LaTeX Font Info:    Redeclaring math symbol \mathdollar on input line 18.
LaTeX Font Info:    Redeclaring symbol font `operators' on input line 18.
LaTeX Font Info:    Encoding `OT1' has changed to `TU' for symbol font
(Font)              `operators' in the math version `normal' on input line 18.
LaTeX Font Info:    Overwriting symbol font `operators' in version `normal'
(Font)                  OT1/cmr/m/n --> TU/TimesNewRoman(0)/m/n on input line 1
8.
LaTeX Font Info:    Encoding `OT1' has changed to `TU' for symbol font
(Font)              `operators' in the math version `bold' on input line 18.
LaTeX Font Info:    Overwriting symbol font `operators' in version `bold'
(Font)                  OT1/cmr/bx/n --> TU/TimesNewRoman(0)/m/n on input line 
18.
LaTeX Font Info:    Overwriting symbol font `operators' in version `normal'
(Font)                  TU/TimesNewRoman(0)/m/n --> TU/TimesNewRoman(0)/m/n on 
input line 18.
LaTeX Font Info:    Overwriting math alphabet `\mathit' in version `normal'
(Font)                  OT1/cmr/m/it --> TU/TimesNewRoman(0)/m/it on input line
 18.
LaTeX Font Info:    Overwriting math alphabet `\mathbf' in version `normal'
(Font)                  OT1/cmr/bx/n --> TU/TimesNewRoman(0)/b/n on input line 
18.
LaTeX Font Info:    Overwriting math alphabet `\mathsf' in version `normal'
(Font)                  OT1/cmss/m/n --> TU/lmss/m/n on input line 18.
LaTeX Font Info:    Overwriting math alphabet `\mathtt' in version `normal'
(Font)                  OT1/cmtt/m/n --> TU/lmtt/m/n on input line 18.
LaTeX Font Info:    Overwriting symbol font `operators' in version `bold'
(Font)                  TU/TimesNewRoman(0)/m/n --> TU/TimesNewRoman(0)/b/n on 
input line 18.
LaTeX Font Info:    Overwriting math alphabet `\mathit' in version `bold'
(Font)                  OT1/cmr/bx/it --> TU/TimesNewRoman(0)/b/it on input lin
e 18.
LaTeX Font Info:    Overwriting math alphabet `\mathsf' in version `bold'
(Font)                  OT1/cmss/bx/n --> TU/lmss/b/n on input line 18.
LaTeX Font Info:    Overwriting math alphabet `\mathtt' in version `bold'
(Font)                  OT1/cmtt/m/n --> TU/lmtt/b/n on input line 18.

(C:/Users/jason/AppData/Local/Programs/MiKTeX/tex/context/base/mkii/supp-pdf.mk
ii
[Loading MPS to PDF converter (version 2006.09.02).]
\scratchcounter=\count496
\scratchdimen=\dimen307
\scratchbox=\box71
\nofMPsegments=\count497
\nofMParguments=\count498
\everyMPshowfont=\toks41
\MPscratchCnt=\count499
\MPscratchDim=\dimen308
\MPnumerator=\count500
\makeMPintoPDFobject=\count501
\everyMPtoPDFconversion=\toks42
)
(C:/Users/jason/AppData/Local/Programs/MiKTeX/tex/latex/epstopdf-pkg/epstopdf-b
ase.sty
Package: epstopdf-base 2020-01-24 v2.11 Base part for package epstopdf
Package epstopdf-base Info: Redefining graphics rule for `.eps' on input line 4
85.

(C:/Users/jason/AppData/Local/Programs/MiKTeX/tex/latex/00miktex/epstopdf-sys.c
fg
File: epstopdf-sys.cfg 2021/03/18 v2.0 Configuration of epstopdf for MiKTeX
))
Package hyperref Info: Link coloring OFF on input line 18.


Package todonotes Warning: The length marginparwidth is less than 2cm and will 
most likely cause issues with the appearance of inserted todonotes. The issue c
an be solved by adding a line like \setlength {\marginparwidth }{2cm} prior to 
loading the todonotes package. on input line 18.

Package biblatex Info: Trying to load language 'english' -> 'english-apa'...
Package biblatex Info: ... file 'english-apa.lbx' found.

(C:/Users/jason/AppData/Local/Programs/MiKTeX/tex/latex/biblatex-apa/english-ap
a.lbx
File: english-apa.lbx 2025/08/27 v9.20 APA biblatex localisation
Package biblatex Info: Trying to load language 'english'...
Package biblatex Info: ... file 'english.lbx' found.

(C:/Users/jason/AppData/Local/Programs/MiKTeX/tex/latex/biblatex/lbx/english.lb
x
File: english.lbx 2025/07/10 v3.21 biblatex localization (PK/MW)
)
Package biblatex Info: Trying to load language 'american' -> 'american-apa'...
Package biblatex Info: ... file 'american-apa.lbx' found.

(C:/Users/jason/AppData/Local/Programs/MiKTeX/tex/latex/biblatex-apa/american-a
pa.lbx
File: american-apa.lbx 2025/08/27 v9.20 APA biblatex localisation
Package biblatex Info: Trying to load language 'american'...
Package biblatex Info: ... file 'american.lbx' found.

(C:/Users/jason/AppData/Local/Programs/MiKTeX/tex/latex/biblatex/lbx/american.l
bx
File: american.lbx 2025/07/10 v3.21 biblatex localization (PK/MW)
Package biblatex Info: Trying to load language 'english'...
Package biblatex Info: ... file 'english.lbx' found.

(C:/Users/jason/AppData/Local/Programs/MiKTeX/tex/latex/biblatex/lbx/english.lb
x
File: english.lbx 2025/07/10 v3.21 biblatex localization (PK/MW)
))))
Package biblatex Info: LuaTeX detected.
(biblatex)             Assuming input encoding 'utf8'.
Package biblatex Info: Automatic encoding selection.
(biblatex)             Assuming data encoding 'utf8'.

\openout4 = thesis.bcf
Package biblatex Info: Trying to load bibliographic data...
Package biblatex Info: ... file 'thesis.bbl' not found.

No file thesis.bbl.
Package biblatex Info: Reference section=0 on input line 18.
Package biblatex Info: Reference segment=0 on input line 18.
LaTeX Info: Redefining \celsius on input line 18.
Package gensymb Info: Faking symbols for \degree and \celsius on input line 18.


Package gensymb Warning: Not defining \perthousand.

LaTeX Info: Redefining \ohm on input line 18.
Package gensymb Info: Using \Omega for \ohm on input line 18.

Package gensymb Warning: Not defining \micro.

("|'inkscape' -V ")

Package svg Warning: No version of Inkscape was detected by invoking
(svg)                `inkscape -V'
(svg)                so the Inkscape export will fail quite sure as the
(svg)                command is probably unknown to your OS. You could set
(svg)                `inkscapeversion=<version>' manually but this is very
(svg)                unlikely to work on input line 18.

(./pages/00_title.tex
<assets/logo_sanag.png, id=6, 74.1972pt x 77.8107pt>
File: assets/logo_sanag.png Graphic file (type png)
<use assets/logo_sanag.png>
Package luatex.def Info: assets/logo_sanag.png  used on input line 28.
(luatex.def)             Requested size: 65.11937pt x 68.28644pt.

Package fontspec Info: 
(fontspec)             Font family 'old_english.ttf(0)' created for font
(fontspec)             'old_english.ttf' with options [Ligatures=TeX,Path=./].
(fontspec)              
(fontspec)              This font family consists of the following NFSS
(fontspec)             series/shapes:
(fontspec)              
(fontspec)             - 'normal' (m/n) with NFSS spec.:
(fontspec)             <->"[./old_english.ttf]:mode=node;script=latn;language=d
flt;+tlig;"

<assets/logo_cot.png, id=7, 150.5625pt x 150.5625pt>
File: assets/logo_cot.png Graphic file (type png)
<use assets/logo_cot.png>
Package luatex.def Info: assets/logo_cot.png  used on input line 28.
(luatex.def)             Requested size: 68.28778pt x 68.28644pt.


Package fancyhdr Warning: \footskip is too small (2.0pt): 
(fancyhdr)                Make it at least 14.49998pt, for example:
(fancyhdr)                \setlength{\footskip}{14.49998pt}.

[1{C:/Users/jason/AppData/Local/MiKTeX/fonts/map/pdftex/pdftex.map}


<./assets/logo_sanag.png><./assets/logo_cot.png>]) (./thesis.toc
LaTeX Font Info:    External font `cmex10' loaded for size
(Font)              <12> on input line 1.
LaTeX Font Info:    External font `cmex10' loaded for size
(Font)              <8> on input line 1.
LaTeX Font Info:    External font `cmex10' loaded for size
(Font)              <6> on input line 1.
File: assets/logo_sanag.png Graphic file (type png)
<use assets/logo_sanag.png>
Package luatex.def Info: assets/logo_sanag.png  used on input line 26.
(luatex.def)             Requested size: 65.11937pt x 68.28644pt.
File: assets/logo_cot.png Graphic file (type png)
<use assets/logo_cot.png>
Package luatex.def Info: assets/logo_cot.png  used on input line 26.
(luatex.def)             Requested size: 68.28778pt x 68.28644pt.


Package fancyhdr Warning: \footskip is too small (2.0pt): 
(fancyhdr)                Make it at least 14.49998pt, for example:
(fancyhdr)                \setlength{\footskip}{14.49998pt}.

[2

])
\tf@toc=\write6

\openout6 = thesis.toc
File: assets/logo_sanag.png Graphic file (type png)
<use assets/logo_sanag.png>
Package luatex.def Info: assets/logo_sanag.png  used on input line 30.
(luatex.def)             Requested size: 65.11937pt x 68.28644pt.
File: assets/logo_cot.png Graphic file (type png)
<use assets/logo_cot.png>
Package luatex.def Info: assets/logo_cot.png  used on input line 30.
(luatex.def)             Requested size: 68.28778pt x 68.28644pt.


Package fancyhdr Warning: \footskip is too small (2.0pt): 
(fancyhdr)                Make it at least 14.49998pt, for example:
(fancyhdr)                \setlength{\footskip}{14.49998pt}.

[3] (./thesis.lof)
\tf@lof=\write7

\openout7 = thesis.lof
File: assets/logo_sanag.png Graphic file (type png)
<use assets/logo_sanag.png>
Package luatex.def Info: assets/logo_sanag.png  used on input line 32.
(luatex.def)             Requested size: 65.11937pt x 68.28644pt.
File: assets/logo_cot.png Graphic file (type png)
<use assets/logo_cot.png>
Package luatex.def Info: assets/logo_cot.png  used on input line 32.
(luatex.def)             Requested size: 68.28778pt x 68.28644pt.


Package fancyhdr Warning: \footskip is too small (2.0pt): 
(fancyhdr)                Make it at least 14.49998pt, for example:
(fancyhdr)                \setlength{\footskip}{14.49998pt}.

[4

] (./thesis.lot)
\tf@lot=\write8

\openout8 = thesis.lot
File: assets/logo_sanag.png Graphic file (type png)
<use assets/logo_sanag.png>
Package luatex.def Info: assets/logo_sanag.png  used on input line 34.
(luatex.def)             Requested size: 65.11937pt x 68.28644pt.
File: assets/logo_cot.png Graphic file (type png)
<use assets/logo_cot.png>
Package luatex.def Info: assets/logo_cot.png  used on input line 34.
(luatex.def)             Requested size: 68.28778pt x 68.28644pt.


Package fancyhdr Warning: \footskip is too small (2.0pt): 
(fancyhdr)                Make it at least 14.49998pt, for example:
(fancyhdr)                \setlength{\footskip}{14.49998pt}.

[5

] (./pages/05_background.tex

LaTeX Warning: Citation 'theodorou_2023' on page 1 undefined on input line 4.


LaTeX Warning: Citation 'who_2023' on page 1 undefined on input line 4.


LaTeX Warning: Citation 'shinagawa_2025' on page 1 undefined on input line 4.


LaTeX Warning: Citation 'who_2023' on page 1 undefined on input line 4.

Package hyperref Info: bookmark level for unknown todo defaults to 0 on input l
ine 15.

Overfull \hbox (3.78093pt too wide) in paragraph at lines 15--16
\TU/TimesNewRoman(0)/m/n/12 Other com-mon types in-clude astig-ma-tism, near-sig
htedness (my-opia) and far-sightedness
 []

File: assets/logo_sanag.png Graphic file (type png)
<use assets/logo_sanag.png>
Package luatex.def Info: assets/logo_sanag.png  used on input line 22.
(luatex.def)             Requested size: 65.11937pt x 68.28644pt.
File: assets/logo_cot.png Graphic file (type png)
<use assets/logo_cot.png>
Package luatex.def Info: assets/logo_cot.png  used on input line 22.
(luatex.def)             Requested size: 68.28778pt x 68.28644pt.

Package fancyhdr Warning: \footskip is too small (2.0pt): 
(fancyhdr)                Make it at least 14.49998pt, for example:
(fancyhdr)                \setlength{\footskip}{14.49998pt}.

[1



]

LaTeX Warning: Citation 'mishra_2025' on page 2 undefined on input line 23.


LaTeX Warning: Citation 'tokmurziyev_2025' on page 2 undefined on input line 23
.


LaTeX Warning: Citation 'hou_2025' on page 2 undefined on input line 23.

) (./pages/06_rationale.tex
File: assets/logo_sanag.png Graphic file (type png)
<use assets/logo_sanag.png>
Package luatex.def Info: assets/logo_sanag.png  used on input line 9.
(luatex.def)             Requested size: 65.11937pt x 68.28644pt.
File: assets/logo_cot.png Graphic file (type png)
<use assets/logo_cot.png>
Package luatex.def Info: assets/logo_cot.png  used on input line 9.
(luatex.def)             Requested size: 68.28778pt x 68.28644pt.


Package fancyhdr Warning: \footskip is too small (2.0pt): 
(fancyhdr)                Make it at least 14.49998pt, for example:
(fancyhdr)                \setlength{\footskip}{14.49998pt}.

[2]
File: assets/logo_sanag.png Graphic file (type png)
<use assets/logo_sanag.png>
Package luatex.def Info: assets/logo_sanag.png  used on input line 11.
(luatex.def)             Requested size: 65.11937pt x 68.28644pt.
File: assets/logo_cot.png Graphic file (type png)
<use assets/logo_cot.png>
Package luatex.def Info: assets/logo_cot.png  used on input line 11.
(luatex.def)             Requested size: 68.28778pt x 68.28644pt.


Package fancyhdr Warning: \footskip is too small (2.0pt): 
(fancyhdr)                Make it at least 14.49998pt, for example:
(fancyhdr)                \setlength{\footskip}{14.49998pt}.

[3]) (./pages/07_objectives.tex
File: assets/logo_sanag.png Graphic file (type png)
<use assets/logo_sanag.png>
Package luatex.def Info: assets/logo_sanag.png  used on input line 22.
(luatex.def)             Requested size: 65.11937pt x 68.28644pt.
File: assets/logo_cot.png Graphic file (type png)
<use assets/logo_cot.png>
Package luatex.def Info: assets/logo_cot.png  used on input line 22.
(luatex.def)             Requested size: 68.28778pt x 68.28644pt.


Package fancyhdr Warning: \footskip is too small (2.0pt): 
(fancyhdr)                Make it at least 14.49998pt, for example:
(fancyhdr)                \setlength{\footskip}{14.49998pt}.

[4]) (./pages/08_significance.tex
File: assets/logo_sanag.png Graphic file (type png)
<use assets/logo_sanag.png>
Package luatex.def Info: assets/logo_sanag.png  used on input line 13.
(luatex.def)             Requested size: 65.11937pt x 68.28644pt.
File: assets/logo_cot.png Graphic file (type png)
<use assets/logo_cot.png>
Package luatex.def Info: assets/logo_cot.png  used on input line 13.
(luatex.def)             Requested size: 68.28778pt x 68.28644pt.


Package fancyhdr Warning: \footskip is too small (2.0pt): 
(fancyhdr)                Make it at least 14.49998pt, for example:
(fancyhdr)                \setlength{\footskip}{14.49998pt}.

[5]
Overfull \hbox (1.54752pt too wide) in paragraph at lines 15--16
[]\TU/TimesNewRoman(0)/m/n/12 With AIoT in-te-gra-tion, users can ac-cess nav-i-
ga-tion apps and on-line ser-vices hands-
 []

File: assets/logo_sanag.png Graphic file (type png)
<use assets/logo_sanag.png>
Package luatex.def Info: assets/logo_sanag.png  used on input line 23.
(luatex.def)             Requested size: 65.11937pt x 68.28644pt.
File: assets/logo_cot.png Graphic file (type png)
<use assets/logo_cot.png>
Package luatex.def Info: assets/logo_cot.png  used on input line 23.
(luatex.def)             Requested size: 68.28778pt x 68.28644pt.

Package fancyhdr Warning: \footskip is too small (2.0pt): 
(fancyhdr)                Make it at least 14.49998pt, for example:
(fancyhdr)                \setlength{\footskip}{14.49998pt}.

[6]) (./pages/09_conceptual.tex
\openout5 = build/uml-1.puml

runsystem(echo "HELLLOOOOOOOOO WORRORORORORLLLDDD")...executed.
runsystem(java -jar "assets/plantuml.jar" -tpng "build/uml-1.puml" -o "../assets
")...executed.
<assets/uml-1.png, id=136, 593.21625pt x 465.74pt>
File: assets/uml-1.png Graphic file (type png)
<use assets/uml-1.png>
Package luatex.def Info: assets/uml-1.png  used on input line 28.
(luatex.def)             Requested size: 416.83315pt x 327.27365pt.
File: assets/logo_sanag.png Graphic file (type png)
<use assets/logo_sanag.png>
Package luatex.def Info: assets/logo_sanag.png  used on input line 31.
(luatex.def)             Requested size: 65.11937pt x 68.28644pt.
File: assets/logo_cot.png Graphic file (type png)
<use assets/logo_cot.png>
Package luatex.def Info: assets/logo_cot.png  used on input line 31.
(luatex.def)             Requested size: 68.28778pt x 68.28644pt.


Package fancyhdr Warning: \footskip is too small (2.0pt): 
(fancyhdr)                Make it at least 14.49998pt, for example:
(fancyhdr)                \setlength{\footskip}{14.49998pt}.

[7]) (./pages/10_theoretical.tex
File: assets/logo_sanag.png Graphic file (type png)
<use assets/logo_sanag.png>
Package luatex.def Info: assets/logo_sanag.png  used on input line 2.
(luatex.def)             Requested size: 65.11937pt x 68.28644pt.
File: assets/logo_cot.png Graphic file (type png)
<use assets/logo_cot.png>
Package luatex.def Info: assets/logo_cot.png  used on input line 2.
(luatex.def)             Requested size: 68.28778pt x 68.28644pt.


Package fancyhdr Warning: \footskip is too small (2.0pt): 
(fancyhdr)                Make it at least 14.49998pt, for example:
(fancyhdr)                \setlength{\footskip}{14.49998pt}.

[8
warning  (pdf backend): ignoring duplicate destination with the name 'figure.0.1
'
<./assets/uml-1.png>]

LaTeX Warning: Citation 'krantz_2012' on page 9 undefined on input line 7.


LaTeX Warning: Citation 'iwasaki_1986' on page 9 undefined on input line 7.


LaTeX Warning: Citation 'kristjansson_2016' on page 9 undefined on input line 8
.


LaTeX Warning: Citation 'gershman_2024' on page 9 undefined on input line 8.

File: assets/logo_sanag.png Graphic file (type png)
<use assets/logo_sanag.png>
Package luatex.def Info: assets/logo_sanag.png  used on input line 9.
(luatex.def)             Requested size: 65.11937pt x 68.28644pt.
File: assets/logo_cot.png Graphic file (type png)
<use assets/logo_cot.png>
Package luatex.def Info: assets/logo_cot.png  used on input line 9.
(luatex.def)             Requested size: 68.28778pt x 68.28644pt.

Package fancyhdr Warning: \footskip is too small (2.0pt): 
(fancyhdr)                Make it at least 14.49998pt, for example:
(fancyhdr)                \setlength{\footskip}{14.49998pt}.

[9]

LaTeX Warning: Citation 'loschky_2025' on page 10 undefined on input line 9.


LaTeX Warning: Citation 'usertesting_2024' on page 10 undefined on input line 9
.


Overfull \hbox (5.04185pt too wide) in paragraph at lines 9--10
\TU/TimesNewRoman(0)/m/n/12 (back-ground) and fig-ures (fore-ground) from a scen
e within the first fix-a-tion ( 36ms)
 []


LaTeX Warning: Citation 'zeki_2015' on page 10 undefined on input line 10.


LaTeX Warning: Citation 'kristjansson_2016' on page 10 undefined on input line 
11.

File: assets/logo_sanag.png Graphic file (type png)
<use assets/logo_sanag.png>
Package luatex.def Info: assets/logo_sanag.png  used on input line 12.
(luatex.def)             Requested size: 65.11937pt x 68.28644pt.
File: assets/logo_cot.png Graphic file (type png)
<use assets/logo_cot.png>
Package luatex.def Info: assets/logo_cot.png  used on input line 12.
(luatex.def)             Requested size: 68.28778pt x 68.28644pt.

Package fancyhdr Warning: \footskip is too small (2.0pt): 
(fancyhdr)                Make it at least 14.49998pt, for example:
(fancyhdr)                \setlength{\footskip}{14.49998pt}.

[10]

LaTeX Warning: Citation 'kristjansson_2016' on page 11 undefined on input line 
12.

) (./pages/11_scope.tex) (./pages/12_related_studies.tex)
(./pages/13_related_literature.tex
File: assets/logo_sanag.png Graphic file (type png)
<use assets/logo_sanag.png>
Package luatex.def Info: assets/logo_sanag.png  used on input line 1.
(luatex.def)             Requested size: 65.11937pt x 68.28644pt.
File: assets/logo_cot.png Graphic file (type png)
<use assets/logo_cot.png>
Package luatex.def Info: assets/logo_cot.png  used on input line 1.
(luatex.def)             Requested size: 68.28778pt x 68.28644pt.


Package fancyhdr Warning: \footskip is too small (2.0pt): 
(fancyhdr)                Make it at least 14.49998pt, for example:
(fancyhdr)                \setlength{\footskip}{14.49998pt}.

[11]

LaTeX Warning: Citation 'zvori_teanu_2021' on page 12 undefined on input line 3
.


LaTeX Warning: Citation '' on page 12 undefined on input line 3.


LaTeX Warning: Citation 'sami_2025' on page 12 undefined on input line 5.


LaTeX Warning: Citation '' on page 12 undefined on input line 5.

File: assets/logo_sanag.png Graphic file (type png)
<use assets/logo_sanag.png>
Package luatex.def Info: assets/logo_sanag.png  used on input line 6.
(luatex.def)             Requested size: 65.11937pt x 68.28644pt.
File: assets/logo_cot.png Graphic file (type png)
<use assets/logo_cot.png>
Package luatex.def Info: assets/logo_cot.png  used on input line 6.
(luatex.def)             Requested size: 68.28778pt x 68.28644pt.

Package fancyhdr Warning: \footskip is too small (2.0pt): 
(fancyhdr)                Make it at least 14.49998pt, for example:
(fancyhdr)                \setlength{\footskip}{14.49998pt}.

[12]

LaTeX Warning: Citation 'realsense2025' on page 13 undefined on input line 7.


LaTeX Warning: Citation '' on page 13 undefined on input line 7.

File: assets/logo_sanag.png Graphic file (type png)
<use assets/logo_sanag.png>
Package luatex.def Info: assets/logo_sanag.png  used on input line 8.
(luatex.def)             Requested size: 65.11937pt x 68.28644pt.
File: assets/logo_cot.png Graphic file (type png)
<use assets/logo_cot.png>
Package luatex.def Info: assets/logo_cot.png  used on input line 8.
(luatex.def)             Requested size: 68.28778pt x 68.28644pt.

Package fancyhdr Warning: \footskip is too small (2.0pt): 
(fancyhdr)                Make it at least 14.49998pt, for example:
(fancyhdr)                \setlength{\footskip}{14.49998pt}.

[13]

LaTeX Warning: Citation 'udayakumar_2025' on page 14 undefined on input line 9.



LaTeX Warning: Citation '' on page 14 undefined on input line 9.

File: assets/logo_sanag.png Graphic file (type png)
<use assets/logo_sanag.png>
Package luatex.def Info: assets/logo_sanag.png  used on input line 11.
(luatex.def)             Requested size: 65.11937pt x 68.28644pt.
File: assets/logo_cot.png Graphic file (type png)
<use assets/logo_cot.png>
Package luatex.def Info: assets/logo_cot.png  used on input line 11.
(luatex.def)             Requested size: 68.28778pt x 68.28644pt.

Package fancyhdr Warning: \footskip is too small (2.0pt): 
(fancyhdr)                Make it at least 14.49998pt, for example:
(fancyhdr)                \setlength{\footskip}{14.49998pt}.

[14]

LaTeX Warning: Citation 'ruan_2025' on page 15 undefined on input line 18.


LaTeX Warning: Citation '' on page 15 undefined on input line 18.

File: assets/logo_sanag.png Graphic file (type png)
<use assets/logo_sanag.png>
Package luatex.def Info: assets/logo_sanag.png  used on input line 19.
(luatex.def)             Requested size: 65.11937pt x 68.28644pt.
File: assets/logo_cot.png Graphic file (type png)
<use assets/logo_cot.png>
Package luatex.def Info: assets/logo_cot.png  used on input line 19.
(luatex.def)             Requested size: 68.28778pt x 68.28644pt.

Package fancyhdr Warning: \footskip is too small (2.0pt): 
(fancyhdr)                Make it at least 14.49998pt, for example:
(fancyhdr)                \setlength{\footskip}{14.49998pt}.

[15]

LaTeX Warning: Citation 'viancy_2024' on page 16 undefined on input line 20.


LaTeX Warning: Citation '' on page 16 undefined on input line 20.

File: assets/logo_sanag.png Graphic file (type png)
<use assets/logo_sanag.png>
Package luatex.def Info: assets/logo_sanag.png  used on input line 21.
(luatex.def)             Requested size: 65.11937pt x 68.28644pt.
File: assets/logo_cot.png Graphic file (type png)
<use assets/logo_cot.png>
Package luatex.def Info: assets/logo_cot.png  used on input line 21.
(luatex.def)             Requested size: 68.28778pt x 68.28644pt.

Package fancyhdr Warning: \footskip is too small (2.0pt): 
(fancyhdr)                Make it at least 14.49998pt, for example:
(fancyhdr)                \setlength{\footskip}{14.49998pt}.

[16]

LaTeX Warning: Citation 'hamilton_fletcher_2021' on page 17 undefined on input 
line 22.


LaTeX Warning: Citation '' on page 17 undefined on input line 22.


Overfull \hbox (2.44225pt too wide) in paragraph at lines 22--23
[][][] \TU/TimesNewRoman(0)/m/n/12 de-vel-oped a mo-bile sensory-substitution
 []

File: assets/logo_sanag.png Graphic file (type png)
<use assets/logo_sanag.png>
Package luatex.def Info: assets/logo_sanag.png  used on input line 23.
(luatex.def)             Requested size: 65.11937pt x 68.28644pt.
File: assets/logo_cot.png Graphic file (type png)
<use assets/logo_cot.png>
Package luatex.def Info: assets/logo_cot.png  used on input line 23.
(luatex.def)             Requested size: 68.28778pt x 68.28644pt.

Package fancyhdr Warning: \footskip is too small (2.0pt): 
(fancyhdr)                Make it at least 14.49998pt, for example:
(fancyhdr)                \setlength{\footskip}{14.49998pt}.

[17]

LaTeX Warning: Citation 'han_2026' on page 18 undefined on input line 24.


LaTeX Warning: Citation '' on page 18 undefined on input line 24.


Overfull \hbox (23.161pt too wide) in paragraph at lines 24--25
[][][] \TU/TimesNewRoman(0)/m/n/12 de-signed a Multi-Path Sen-sory Sub-sti-tu-ti
on De-vice (MSSD)
 []

File: assets/logo_sanag.png Graphic file (type png)
<use assets/logo_sanag.png>
Package luatex.def Info: assets/logo_sanag.png  used on input line 26.
(luatex.def)             Requested size: 65.11937pt x 68.28644pt.
File: assets/logo_cot.png Graphic file (type png)
<use assets/logo_cot.png>
Package luatex.def Info: assets/logo_cot.png  used on input line 26.
(luatex.def)             Requested size: 68.28778pt x 68.28644pt.

Package fancyhdr Warning: \footskip is too small (2.0pt): 
(fancyhdr)                Make it at least 14.49998pt, for example:
(fancyhdr)                \setlength{\footskip}{14.49998pt}.

[18]

LaTeX Warning: Citation 'commere_2023' on page 19 undefined on input line 26.


LaTeX Warning: Citation '' on page 19 undefined on input line 26.

File: assets/logo_sanag.png Graphic file (type png)
<use assets/logo_sanag.png>
Package luatex.def Info: assets/logo_sanag.png  used on input line 27.
(luatex.def)             Requested size: 65.11937pt x 68.28644pt.
File: assets/logo_cot.png Graphic file (type png)
<use assets/logo_cot.png>
Package luatex.def Info: assets/logo_cot.png  used on input line 27.
(luatex.def)             Requested size: 68.28778pt x 68.28644pt.

Package fancyhdr Warning: \footskip is too small (2.0pt): 
(fancyhdr)                Make it at least 14.49998pt, for example:
(fancyhdr)                \setlength{\footskip}{14.49998pt}.

[19]

LaTeX Warning: Citation 'zhao_2025' on page 20 undefined on input line 28.


LaTeX Warning: Citation '' on page 20 undefined on input line 28.

)
File: assets/logo_sanag.png Graphic file (type png)
<use assets/logo_sanag.png>
Package luatex.def Info: assets/logo_sanag.png  used on input line 53.
(luatex.def)             Requested size: 65.11937pt x 68.28644pt.
File: assets/logo_cot.png Graphic file (type png)
<use assets/logo_cot.png>
Package luatex.def Info: assets/logo_cot.png  used on input line 53.
(luatex.def)             Requested size: 68.28778pt x 68.28644pt.


Package fancyhdr Warning: \footskip is too small (2.0pt): 
(fancyhdr)                Make it at least 14.49998pt, for example:
(fancyhdr)                \setlength{\footskip}{14.49998pt}.

[20]
File: assets/logo_sanag.png Graphic file (type png)
<use assets/logo_sanag.png>
Package luatex.def Info: assets/logo_sanag.png  used on input line 53.
(luatex.def)             Requested size: 65.11937pt x 68.28644pt.
File: assets/logo_cot.png Graphic file (type png)
<use assets/logo_cot.png>
Package luatex.def Info: assets/logo_cot.png  used on input line 53.
(luatex.def)             Requested size: 68.28778pt x 68.28644pt.


Package fancyhdr Warning: \footskip is too small (2.0pt): 
(fancyhdr)                Make it at least 14.49998pt, for example:
(fancyhdr)                \setlength{\footskip}{14.49998pt}.

[21] (./pages/14_research_design.tex) (./pages/15_materials.tex)
(./pages/16_prototype_building.tex) (./pages/17_data_presentation.tex
\openout5 = build/uml-2.puml

runsystem(echo "HELLLOOOOOOOOO WORRORORORORLLLDDD")...executed.
runsystem(java -jar "assets/plantuml.jar" -tpng "build/uml-2.puml" -o "../assets
")...executed.
<assets/uml-2.png, id=217, 780.9175pt x 414.54875pt>
File: assets/uml-2.png Graphic file (type png)
<use assets/uml-2.png>
Package luatex.def Info: assets/uml-2.png  used on input line 30.
(luatex.def)             Requested size: 416.83315pt x 221.27219pt.
File: assets/logo_sanag.png Graphic file (type png)
<use assets/logo_sanag.png>
Package luatex.def Info: assets/logo_sanag.png  used on input line 33.
(luatex.def)             Requested size: 65.11937pt x 68.28644pt.
File: assets/logo_cot.png Graphic file (type png)
<use assets/logo_cot.png>
Package luatex.def Info: assets/logo_cot.png  used on input line 33.
(luatex.def)             Requested size: 68.28778pt x 68.28644pt.


Package fancyhdr Warning: \footskip is too small (2.0pt): 
(fancyhdr)                Make it at least 14.49998pt, for example:
(fancyhdr)                \setlength{\footskip}{14.49998pt}.

[22]
<assets/circuit.jpg, id=222, 549.471pt x 446.76pt>
File: assets/circuit.jpg Graphic file (type jpg)
<use assets/circuit.jpg>
Package luatex.def Info: assets/circuit.jpg  used on input line 37.
(luatex.def)             Requested size: 416.83315pt x 338.91396pt.
File: assets/logo_sanag.png Graphic file (type png)
<use assets/logo_sanag.png>
Package luatex.def Info: assets/logo_sanag.png  used on input line 40.
(luatex.def)             Requested size: 65.11937pt x 68.28644pt.
File: assets/logo_cot.png Graphic file (type png)
<use assets/logo_cot.png>
Package luatex.def Info: assets/logo_cot.png  used on input line 40.
(luatex.def)             Requested size: 68.28778pt x 68.28644pt.


Package fancyhdr Warning: \footskip is too small (2.0pt): 
(fancyhdr)                Make it at least 14.49998pt, for example:
(fancyhdr)                \setlength{\footskip}{14.49998pt}.

[23
warning  (pdf backend): ignoring duplicate destination with the name 'figure.0.2
'
<./assets/uml-2.png>]
File: assets/logo_sanag.png Graphic file (type png)
<use assets/logo_sanag.png>
Package luatex.def Info: assets/logo_sanag.png  used on input line 156.
(luatex.def)             Requested size: 65.11937pt x 68.28644pt.
File: assets/logo_cot.png Graphic file (type png)
<use assets/logo_cot.png>
Package luatex.def Info: assets/logo_cot.png  used on input line 156.
(luatex.def)             Requested size: 68.28778pt x 68.28644pt.


Package fancyhdr Warning: \footskip is too small (2.0pt): 
(fancyhdr)                Make it at least 14.49998pt, for example:
(fancyhdr)                \setlength{\footskip}{14.49998pt}.

[24
warning  (pdf backend): ignoring duplicate destination with the name 'figure.0.3
'
<./assets/circuit.jpg>]) (./pages/18_ethical_considerations.tex)

LaTeX Warning: Empty bibliography on input line 86.

File: assets/logo_sanag.png Graphic file (type png)
<use assets/logo_sanag.png>
Package luatex.def Info: assets/logo_sanag.png  used on input line 104.
(luatex.def)             Requested size: 65.11937pt x 68.28644pt.
File: assets/logo_cot.png Graphic file (type png)
<use assets/logo_cot.png>
Package luatex.def Info: assets/logo_cot.png  used on input line 104.
(luatex.def)             Requested size: 68.28778pt x 68.28644pt.

Package fancyhdr Warning: \footskip is too small (2.0pt): 
(fancyhdr)                Make it at least 14.49998pt, for example:
(fancyhdr)                \setlength{\footskip}{14.49998pt}.

[25
warning  (pdf backend): ignoring duplicate destination with the name 'figure.0.4
'

warning  (pdf backend): ignoring duplicate destination with the name 'table.0.1'

]
File: assets/logo_sanag.png Graphic file (type png)
<use assets/logo_sanag.png>
Package luatex.def Info: assets/logo_sanag.png  used on input line 104.
(luatex.def)             Requested size: 65.11937pt x 68.28644pt.
File: assets/logo_cot.png Graphic file (type png)
<use assets/logo_cot.png>
Package luatex.def Info: assets/logo_cot.png  used on input line 104.
(luatex.def)             Requested size: 68.28778pt x 68.28644pt.


Package fancyhdr Warning: \footskip is too small (2.0pt): 
(fancyhdr)                Make it at least 14.49998pt, for example:
(fancyhdr)                \setlength{\footskip}{14.49998pt}.

[26] (./thesis.aux)
 ***********
LaTeX2e <2025-11-01>
L3 programming layer <2025-10-24>
 ***********


LaTeX Warning: There were undefined references.


Package biblatex Warning: Please (re)run Biber on the file:
(biblatex)                thesis
(biblatex)                and rerun LaTeX afterwards.

Package logreq Info: Writing requests to 'thesis.run.xml'.

\openout1 = thesis.run.xml
)

Here is how much of LuaTeX's memory you used:
 53989 strings out of 476081
 125165,2848258 words of node,token memory allocated
 1923 words of node memory still in use:
   31 hlist, 4 vlist, 1 rule, 2 local_par, 39 glue, 3 kern, 2 penalty, 5 glyph, 
115 attribute, 101 glue_spec, 115 attribute_list, 4 write, 2 save_pos, 67 pdf_li
teral, 2 pdf_colorstack nodes
   avail lists: 2:4050,3:2843,4:77,5:239,6:78,7:7256,8:35,9:575,10:22,11:668
 75107 multiletter control sequences out of 65536+600000
 47 fonts using 12611775 bytes
 104i,16n,117p,5313b,5184s stack positions out of 10000i,1000n,20000p,200000b,200000s
<C:/WINDOWS/Fonts/timesbd.ttf><C:/WINDOWS/Fonts/times.ttf><./assets/old_english.
ttf><C:/Users/jason/AppData/Local/Programs/MiKTeX/fonts/type1/public/amsfonts/cm
/cmmi12.pfb><C:/Users/jason/AppData/Local/Programs/MiKTeX/fonts/type1/public/ams
fonts/cm/cmmi6.pfb><C:/Users/jason/AppData/Local/Programs/MiKTeX/fonts/type1/pub
lic/amsfonts/cm/cmmi8.pfb><C:/Users/jason/AppData/Local/Programs/MiKTeX/fonts/ty
pe1/public/amsfonts/cm/cmr12.pfb><C:/Users/jason/AppData/Local/Programs/MiKTeX/f
onts/type1/public/amsfonts/cm/cmr8.pfb><C:/Users/jason/AppData/Local/Programs/Mi
KTeX/fonts/type1/public/amsfonts/cm/cmsy10.pfb><C:/Users/jason/AppData/Local/Pro
grams/MiKTeX/fonts/type1/public/amsfonts/cm/cmsy8.pfb>
Output written on thesis.pdf (31 pages, 1231074 bytes).

PDF statistics: 360 PDF objects out of 1000 (max. 8388607)
 88 named destinations out of 1000 (max. 131072)
 208 words of extra memory for PDF output out of 10000 (max. 100000000)

